<?xml version="1.0"?>
<coverage generated="1473751058">
  <project timestamp="1473751058">
    <metrics packages="0" files="7" loc="311" ncloc="271" classes="6" methods="16" coveredmethods="7" statements="83" coveredstatements="28" elements="99" coveredelements="35" conditionals="0" coveredconditionals="0"/>
    <file name="/var/www/resource/src/Configuration/RequestConfiguration.php">
      <metrics loc="104" ncloc="83" classes="1" methods="7" coveredmethods="4" statements="27" coveredstatements="17" elements="34" coveredelements="21" conditionals="0" coveredconditionals="0"/>
      <class namespace="Buri\Resource\Configuration" name="RequestConfiguration">
        <metrics methods="7" coveredmethods="4" statements="27" coveredstatements="17" conditionals="0" coveredconditionals="0" elements="34" coveredelements="21"/>
      </class>
      <line num="41" type="stmt" count="1"/>
      <line num="42" type="stmt" count="0"/>
      <line num="43" type="stmt" count="0"/>
      <line num="44" type="stmt" count="0"/>
      <line num="45" type="stmt" count="0"/>
      <line num="48" type="stmt" count="1"/>
      <line num="49" type="stmt" count="1"/>
      <line num="57" type="stmt" count="1"/>
      <line num="58" type="stmt" count="0"/>
      <line num="60" type="stmt" count="0"/>
      <line num="62" type="stmt" count="0"/>
      <line num="66" type="stmt" count="1"/>
      <line num="67" type="stmt" count="1"/>
      <line num="68" type="stmt" count="1"/>
      <line num="72" type="stmt" count="0"/>
      <line num="73" type="stmt" count="0"/>
      <line num="76" type="stmt" count="0"/>
      <line num="89" type="stmt" count="1"/>
      <line num="90" type="stmt" count="1"/>
      <line num="94" type="stmt" count="1"/>
      <line num="95" type="stmt" count="1"/>
      <line num="97" type="stmt" count="1"/>
      <line num="99" type="stmt" count="1"/>
      <line num="103" type="stmt" count="1"/>
      <line num="84" type="stmt" count="1"/>
      <line num="9" type="stmt" count="1"/>
      <line num="36" type="stmt" count="1"/>
      <line num="37" type="stmt" count="1"/>
      <line num="104" type="stmt" count="1"/>
    </file>
    <file name="/var/www/resource/src/Configuration/ResourceNotConfiguredException.php">
      <metrics loc="7" ncloc="7" classes="1" methods="0" coveredmethods="0" statements="0" coveredstatements="0" elements="0" coveredelements="0" conditionals="0" coveredconditionals="0"/>
      <class namespace="Buri\Resource\Configuration" name="ResourceNotConfiguredException">
        <metrics methods="0" coveredmethods="0" statements="0" coveredstatements="0" conditionals="0" coveredconditionals="0" elements="0" coveredelements="0"/>
      </class>
    </file>
    <file name="/var/www/resource/src/Configuration/ResourceNotInitializedException.php">
      <metrics loc="7" ncloc="7" classes="1" methods="0" coveredmethods="0" statements="0" coveredstatements="0" elements="0" coveredelements="0" conditionals="0" coveredconditionals="0"/>
      <class namespace="Buri\Resource\Configuration" name="ResourceNotInitializedException">
        <metrics methods="0" coveredmethods="0" statements="0" coveredstatements="0" conditionals="0" coveredconditionals="0" elements="0" coveredelements="0"/>
      </class>
      <line num="5" type="stmt" count="1"/>
      <line num="7" type="stmt" count="1"/>
    </file>
    <file name="/var/www/resource/src/Database/RepositoryInterface.php">
      <metrics loc="12" ncloc="12" classes="0" methods="0" coveredmethods="0" statements="0" coveredstatements="0" elements="0" coveredelements="0" conditionals="0" coveredconditionals="0"/>
    </file>
    <file name="/var/www/resource/src/Extension/ResourceExtension.php">
      <metrics loc="68" ncloc="66" classes="1" methods="2" coveredmethods="0" statements="27" coveredstatements="0" elements="29" coveredelements="0" conditionals="0" coveredconditionals="0"/>
      <class namespace="Buri\Resource\Extension" name="ResourceExtension">
        <metrics methods="2" coveredmethods="0" statements="27" coveredstatements="0" conditionals="0" coveredconditionals="0" elements="29" coveredelements="0"/>
      </class>
    </file>
    <file name="/var/www/resource/src/Presenter/PresenterFactory.php">
      <metrics loc="68" ncloc="63" classes="1" methods="4" coveredmethods="3" statements="22" coveredstatements="11" elements="26" coveredelements="14" conditionals="0" coveredconditionals="0"/>
      <class namespace="Buri\Resource\Presenter" name="PresenterFactory">
        <metrics methods="4" coveredmethods="3" statements="22" coveredstatements="11" conditionals="0" coveredconditionals="0" elements="26" coveredelements="14"/>
      </class>
      <line num="26" type="stmt" count="0"/>
      <line num="28" type="stmt" count="0"/>
      <line num="29" type="stmt" count="0"/>
      <line num="30" type="stmt" count="0"/>
      <line num="32" type="stmt" count="0"/>
      <line num="33" type="stmt" count="0"/>
      <line num="34" type="stmt" count="0"/>
      <line num="35" type="stmt" count="0"/>
      <line num="36" type="stmt" count="0"/>
      <line num="40" type="stmt" count="0"/>
      <line num="43" type="stmt" count="0"/>
      <line num="8" type="stmt" count="1"/>
      <line num="21" type="stmt" count="1"/>
      <line num="22" type="stmt" count="1"/>
      <line num="49" type="stmt" count="1"/>
      <line num="50" type="stmt" count="1"/>
      <line num="51" type="stmt" count="1"/>
      <line num="52" type="stmt" count="1"/>
      <line num="53" type="stmt" count="1"/>
      <line num="57" type="stmt" count="1"/>
      <line num="62" type="stmt" count="1"/>
      <line num="63" type="stmt" count="1"/>
      <line num="65" type="stmt" count="1"/>
      <line num="68" type="stmt" count="1"/>
    </file>
    <file name="/var/www/resource/src/Presenter/ResourcePresenter.php">
      <metrics loc="45" ncloc="33" classes="1" methods="3" coveredmethods="0" statements="7" coveredstatements="0" elements="10" coveredelements="0" conditionals="0" coveredconditionals="0"/>
      <class namespace="Buri\Resource\Presenter" name="ResourcePresenter">
        <metrics methods="3" coveredmethods="0" statements="7" coveredstatements="0" conditionals="0" coveredconditionals="0" elements="10" coveredelements="0"/>
      </class>
    </file>
  </project>
</coverage>
