<?xml version="1.0"?>
<coverage generated="1473750069">
  <project timestamp="1473750069">
    <metrics packages="0" files="434" loc="64920" ncloc="49109" classes="350" methods="2759" coveredmethods="22" statements="23272" coveredstatements="217" elements="26031" coveredelements="239" conditionals="0" coveredconditionals="0"/>
    <file name="/var/www/resource/src/Configuration/RequestConfiguration.php">
      <metrics loc="104" ncloc="83" classes="1" methods="7" coveredmethods="4" statements="27" coveredstatements="17" elements="34" coveredelements="21" conditionals="0" coveredconditionals="0"/>
      <class namespace="Buri\Resource\Configuration" name="RequestConfiguration">
        <metrics methods="7" coveredmethods="4" statements="27" coveredstatements="17" conditionals="0" coveredconditionals="0" elements="34" coveredelements="21"/>
      </class>
      <line num="41" type="stmt" count="1"/>
      <line num="42" type="stmt" count="0"/>
      <line num="43" type="stmt" count="0"/>
      <line num="44" type="stmt" count="0"/>
      <line num="45" type="stmt" count="0"/>
      <line num="48" type="stmt" count="1"/>
      <line num="49" type="stmt" count="1"/>
      <line num="57" type="stmt" count="1"/>
      <line num="58" type="stmt" count="0"/>
      <line num="60" type="stmt" count="0"/>
      <line num="62" type="stmt" count="0"/>
      <line num="66" type="stmt" count="1"/>
      <line num="67" type="stmt" count="1"/>
      <line num="68" type="stmt" count="1"/>
      <line num="72" type="stmt" count="0"/>
      <line num="73" type="stmt" count="0"/>
      <line num="76" type="stmt" count="0"/>
      <line num="89" type="stmt" count="1"/>
      <line num="90" type="stmt" count="1"/>
      <line num="94" type="stmt" count="1"/>
      <line num="95" type="stmt" count="1"/>
      <line num="97" type="stmt" count="1"/>
      <line num="99" type="stmt" count="1"/>
      <line num="103" type="stmt" count="1"/>
      <line num="84" type="stmt" count="1"/>
      <line num="9" type="stmt" count="1"/>
      <line num="36" type="stmt" count="1"/>
      <line num="37" type="stmt" count="1"/>
      <line num="104" type="stmt" count="1"/>
    </file>
    <file name="/var/www/resource/src/Configuration/ResourceNotConfiguredException.php">
      <metrics loc="7" ncloc="7" classes="1" methods="0" coveredmethods="0" statements="0" coveredstatements="0" elements="0" coveredelements="0" conditionals="0" coveredconditionals="0"/>
      <class namespace="Buri\Resource\Configuration" name="ResourceNotConfiguredException">
        <metrics methods="0" coveredmethods="0" statements="0" coveredstatements="0" conditionals="0" coveredconditionals="0" elements="0" coveredelements="0"/>
      </class>
    </file>
    <file name="/var/www/resource/src/Configuration/ResourceNotInitializedException.php">
      <metrics loc="7" ncloc="7" classes="1" methods="0" coveredmethods="0" statements="0" coveredstatements="0" elements="0" coveredelements="0" conditionals="0" coveredconditionals="0"/>
      <class namespace="Buri\Resource\Configuration" name="ResourceNotInitializedException">
        <metrics methods="0" coveredmethods="0" statements="0" coveredstatements="0" conditionals="0" coveredconditionals="0" elements="0" coveredelements="0"/>
      </class>
      <line num="5" type="stmt" count="1"/>
      <line num="7" type="stmt" count="1"/>
    </file>
    <file name="/var/www/resource/src/Database/RepositoryInterface.php">
      <metrics loc="12" ncloc="12" classes="0" methods="0" coveredmethods="0" statements="0" coveredstatements="0" elements="0" coveredelements="0" conditionals="0" coveredconditionals="0"/>
    </file>
    <file name="/var/www/resource/src/Extension/ResourceExtension.php">
      <metrics loc="69" ncloc="67" classes="1" methods="2" coveredmethods="0" statements="28" coveredstatements="0" elements="30" coveredelements="0" conditionals="0" coveredconditionals="0"/>
      <class namespace="Buri\Resource\Extension" name="ResourceExtension">
        <metrics methods="2" coveredmethods="0" statements="28" coveredstatements="0" conditionals="0" coveredconditionals="0" elements="30" coveredelements="0"/>
      </class>
    </file>
    <file name="/var/www/resource/src/Presenter/PresenterFactory.php">
      <metrics loc="68" ncloc="63" classes="1" methods="4" coveredmethods="3" statements="22" coveredstatements="11" elements="26" coveredelements="14" conditionals="0" coveredconditionals="0"/>
      <class namespace="Buri\Resource\Presenter" name="PresenterFactory">
        <metrics methods="4" coveredmethods="3" statements="22" coveredstatements="11" conditionals="0" coveredconditionals="0" elements="26" coveredelements="14"/>
      </class>
      <line num="26" type="stmt" count="0"/>
      <line num="28" type="stmt" count="0"/>
      <line num="29" type="stmt" count="0"/>
      <line num="30" type="stmt" count="0"/>
      <line num="32" type="stmt" count="0"/>
      <line num="33" type="stmt" count="0"/>
      <line num="34" type="stmt" count="0"/>
      <line num="35" type="stmt" count="0"/>
      <line num="36" type="stmt" count="0"/>
      <line num="40" type="stmt" count="0"/>
      <line num="43" type="stmt" count="0"/>
      <line num="8" type="stmt" count="1"/>
      <line num="21" type="stmt" count="1"/>
      <line num="22" type="stmt" count="1"/>
      <line num="49" type="stmt" count="1"/>
      <line num="50" type="stmt" count="1"/>
      <line num="51" type="stmt" count="1"/>
      <line num="52" type="stmt" count="1"/>
      <line num="53" type="stmt" count="1"/>
      <line num="57" type="stmt" count="1"/>
      <line num="62" type="stmt" count="1"/>
      <line num="63" type="stmt" count="1"/>
      <line num="65" type="stmt" count="1"/>
      <line num="68" type="stmt" count="1"/>
    </file>
    <file name="/var/www/resource/src/Presenter/ResourcePresenter.php">
      <metrics loc="45" ncloc="33" classes="1" methods="3" coveredmethods="0" statements="7" coveredstatements="0" elements="10" coveredelements="0" conditionals="0" coveredconditionals="0"/>
      <class namespace="Buri\Resource\Presenter" name="ResourcePresenter">
        <metrics methods="3" coveredmethods="0" statements="7" coveredstatements="0" conditionals="0" coveredconditionals="0" elements="10" coveredelements="0"/>
      </class>
    </file>
    <file name="/var/www/resource/tests/Unit/bootstrap.php">
      <metrics loc="5" ncloc="5" classes="0" methods="0" coveredmethods="0" statements="0" coveredstatements="0" elements="0" coveredelements="0" conditionals="0" coveredconditionals="0"/>
      <line num="5" type="stmt" count="1"/>
    </file>
    <file name="/var/www/resource/tests/Unit/Configuration/RequestConfiguration.phpt">
      <metrics loc="59" ncloc="52" classes="1" methods="5" coveredmethods="5" statements="17" coveredstatements="17" elements="22" coveredelements="22" conditionals="0" coveredconditionals="0"/>
      <class name="RequestConfigurationTest">
        <metrics methods="5" coveredmethods="5" statements="17" coveredstatements="17" conditionals="0" coveredconditionals="0" elements="22" coveredelements="22"/>
      </class>
      <line num="11" type="stmt" count="1"/>
      <line num="18" type="stmt" count="1"/>
      <line num="19" type="stmt" count="1"/>
      <line num="20" type="stmt" count="1"/>
      <line num="24" type="stmt" count="1"/>
      <line num="25" type="stmt" count="1"/>
      <line num="32" type="stmt" count="1"/>
      <line num="33" type="stmt" count="1"/>
      <line num="34" type="stmt" count="1"/>
      <line num="35" type="stmt" count="1"/>
      <line num="36" type="stmt" count="1"/>
      <line num="37" type="stmt" count="1"/>
      <line num="44" type="stmt" count="1"/>
      <line num="45" type="stmt" count="1"/>
      <line num="46" type="stmt" count="1"/>
      <line num="47" type="stmt" count="1"/>
      <line num="48" type="stmt" count="1"/>
      <line num="53" type="stmt" count="1"/>
      <line num="58" type="stmt" count="1"/>
      <line num="59" type="stmt" count="1"/>
    </file>
    <file name="/var/www/resource/tests/Unit/ConfigurationTestData.php">
      <metrics loc="25" ncloc="25" classes="1" methods="0" coveredmethods="0" statements="0" coveredstatements="0" elements="0" coveredelements="0" conditionals="0" coveredconditionals="0"/>
      <class namespace="Buri\Resource\Unit" name="ConfigurationTestData">
        <metrics methods="0" coveredmethods="0" statements="0" coveredstatements="0" conditionals="0" coveredconditionals="0" elements="0" coveredelements="0"/>
      </class>
      <line num="7" type="stmt" count="1"/>
      <line num="14" type="stmt" count="1"/>
      <line num="25" type="stmt" count="1"/>
    </file>
    <file name="/var/www/resource/tests/Unit/Presenter/PresenterFactory.phpt">
      <metrics loc="56" ncloc="50" classes="1" methods="5" coveredmethods="5" statements="13" coveredstatements="13" elements="18" coveredelements="18" conditionals="0" coveredconditionals="0"/>
      <class name="PresenterFactoryTest">
        <metrics methods="5" coveredmethods="5" statements="13" coveredstatements="13" conditionals="0" coveredconditionals="0" elements="18" coveredelements="18"/>
      </class>
      <line num="12" type="stmt" count="1"/>
      <line num="19" type="stmt" count="1"/>
      <line num="20" type="stmt" count="1"/>
      <line num="21" type="stmt" count="1"/>
      <line num="25" type="stmt" count="1"/>
      <line num="26" type="stmt" count="1"/>
      <line num="35" type="stmt" count="1"/>
      <line num="36" type="stmt" count="1"/>
      <line num="40" type="stmt" count="1"/>
      <line num="41" type="stmt" count="1"/>
      <line num="42" type="stmt" count="1"/>
      <line num="43" type="stmt" count="1"/>
      <line num="44" type="stmt" count="1"/>
      <line num="49" type="stmt" count="1"/>
      <line num="55" type="stmt" count="1"/>
      <line num="56" type="stmt" count="1"/>
    </file>
    <file name="/var/www/resource/tests/www-test/app/bootstrap.php">
      <metrics loc="23" ncloc="22" classes="0" methods="0" coveredmethods="0" statements="0" coveredstatements="0" elements="0" coveredelements="0" conditionals="0" coveredconditionals="0"/>
    </file>
    <file name="/var/www/resource/tests/www-test/app/presenters/Error4xxPresenter.php">
      <metrics loc="27" ncloc="26" classes="1" methods="2" coveredmethods="0" statements="7" coveredstatements="0" elements="9" coveredelements="0" conditionals="0" coveredconditionals="0"/>
      <class namespace="App\Presenters" name="Error4xxPresenter">
        <metrics methods="2" coveredmethods="0" statements="7" coveredstatements="0" conditionals="0" coveredconditionals="0" elements="9" coveredelements="0"/>
      </class>
    </file>
    <file name="/var/www/resource/tests/www-test/app/presenters/ErrorPresenter.php">
      <metrics loc="39" ncloc="38" classes="1" methods="2" coveredmethods="0" statements="12" coveredstatements="0" elements="14" coveredelements="0" conditionals="0" coveredconditionals="0"/>
      <class namespace="App\Presenters" name="ErrorPresenter">
        <metrics methods="2" coveredmethods="0" statements="12" coveredstatements="0" conditionals="0" coveredconditionals="0" elements="14" coveredelements="0"/>
      </class>
    </file>
    <file name="/var/www/resource/tests/www-test/app/presenters/HomepagePresenter.php">
      <metrics loc="10" ncloc="10" classes="1" methods="0" coveredmethods="0" statements="0" coveredstatements="0" elements="0" coveredelements="0" conditionals="0" coveredconditionals="0"/>
      <class namespace="App\Presenters" name="HomepagePresenter">
        <metrics methods="0" coveredmethods="0" statements="0" coveredstatements="0" conditionals="0" coveredconditionals="0" elements="0" coveredelements="0"/>
      </class>
    </file>
    <file name="/var/www/resource/tests/www-test/app/presenters/templates/Error/500.phtml">
      <metrics loc="20" ncloc="20" classes="0" methods="0" coveredmethods="0" statements="0" coveredstatements="0" elements="0" coveredelements="0" conditionals="0" coveredconditionals="0"/>
    </file>
    <file name="/var/www/resource/tests/www-test/app/router/RouterFactory.php">
      <metrics loc="24" ncloc="21" classes="1" methods="1" coveredmethods="0" statements="3" coveredstatements="0" elements="4" coveredelements="0" conditionals="0" coveredconditionals="0"/>
      <class namespace="App" name="RouterFactory">
        <metrics methods="1" coveredmethods="0" statements="3" coveredstatements="0" conditionals="0" coveredconditionals="0" elements="4" coveredelements="0"/>
      </class>
    </file>
    <file name="/var/www/resource/tests/www-test/app/utils/test_utils.php">
      <metrics loc="16" ncloc="16" classes="0" methods="0" coveredmethods="0" statements="0" coveredstatements="0" elements="0" coveredelements="0" conditionals="0" coveredconditionals="0"/>
    </file>
    <file name="/var/www/resource/tests/www-test/temp/cache/latte/presenters-templates-@layout.latte--b1ea5a7b41.php">
      <metrics loc="79" ncloc="77" classes="1" methods="3" coveredmethods="0" statements="48" coveredstatements="0" elements="51" coveredelements="0" conditionals="0" coveredconditionals="0"/>
      <class name="Templateb1ea5a7b41">
        <metrics methods="3" coveredmethods="0" statements="48" coveredstatements="0" conditionals="0" coveredconditionals="0" elements="51" coveredelements="0"/>
      </class>
    </file>
    <file name="/var/www/resource/tests/www-test/temp/cache/latte/src-Templates-create.latte--3be6d2f9a3.php">
      <metrics loc="26" ncloc="25" classes="1" methods="2" coveredmethods="0" statements="8" coveredstatements="0" elements="10" coveredelements="0" conditionals="0" coveredconditionals="0"/>
      <class name="Template3be6d2f9a3">
        <metrics methods="2" coveredmethods="0" statements="8" coveredstatements="0" conditionals="0" coveredconditionals="0" elements="10" coveredelements="0"/>
      </class>
    </file>
    <file name="/var/www/resource/tests/www-test/temp/cache/latte/src-Templates-default.latte--88effb1ae1.php">
      <metrics loc="26" ncloc="25" classes="1" methods="2" coveredmethods="0" statements="8" coveredstatements="0" elements="10" coveredelements="0" conditionals="0" coveredconditionals="0"/>
      <class name="Template88effb1ae1">
        <metrics methods="2" coveredmethods="0" statements="8" coveredstatements="0" conditionals="0" coveredconditionals="0" elements="10" coveredelements="0"/>
      </class>
    </file>
    <file name="/var/www/resource/tests/www-test/temp/cache/latte/templates-Homepage-default.latte--126545f670.php">
      <metrics loc="88" ncloc="87" classes="1" methods="4" coveredmethods="0" statements="50" coveredstatements="0" elements="54" coveredelements="0" conditionals="0" coveredconditionals="0"/>
      <class name="Template126545f670">
        <metrics methods="4" coveredmethods="0" statements="50" coveredstatements="0" conditionals="0" coveredconditionals="0" elements="54" coveredelements="0"/>
      </class>
    </file>
    <file name="/var/www/resource/tests/www-test/temp/cache/Nette.Configurator/Container_e74ffa0bf5.php">
      <metrics loc="581" ncloc="486" classes="2" methods="35" coveredmethods="0" statements="164" coveredstatements="0" elements="199" coveredelements="0" conditionals="0" coveredconditionals="0"/>
      <class name="Container_e74ffa0bf5">
        <metrics methods="33" coveredmethods="0" statements="157" coveredstatements="0" conditionals="0" coveredconditionals="0" elements="190" coveredelements="0"/>
      </class>
      <class name="Container_e74ffa0bf5_Nette_Bridges_ApplicationLatte_ILatteFactoryImpl_latte_latteFactory">
        <metrics methods="2" coveredmethods="0" statements="7" coveredstatements="0" conditionals="0" coveredconditionals="0" elements="9" coveredelements="0"/>
      </class>
    </file>
    <file name="/var/www/resource/tests/www-test/www/index.php">
      <metrics loc="6" ncloc="6" classes="0" methods="0" coveredmethods="0" statements="0" coveredstatements="0" elements="0" coveredelements="0" conditionals="0" coveredconditionals="0"/>
    </file>
    <file name="/var/www/resource/vendor/autoload.php">
      <metrics loc="7" ncloc="6" classes="0" methods="0" coveredmethods="0" statements="0" coveredstatements="0" elements="0" coveredelements="0" conditionals="0" coveredconditionals="0"/>
    </file>
    <file name="/var/www/resource/vendor/composer/autoload_classmap.php">
      <metrics loc="381" ncloc="380" classes="0" methods="0" coveredmethods="0" statements="0" coveredstatements="0" elements="0" coveredelements="0" conditionals="0" coveredconditionals="0"/>
    </file>
    <file name="/var/www/resource/vendor/composer/autoload_files.php">
      <metrics loc="13" ncloc="12" classes="0" methods="0" coveredmethods="0" statements="0" coveredstatements="0" elements="0" coveredelements="0" conditionals="0" coveredconditionals="0"/>
    </file>
    <file name="/var/www/resource/vendor/composer/autoload_namespaces.php">
      <metrics loc="9" ncloc="8" classes="0" methods="0" coveredmethods="0" statements="0" coveredstatements="0" elements="0" coveredelements="0" conditionals="0" coveredconditionals="0"/>
    </file>
    <file name="/var/www/resource/vendor/composer/autoload_psr4.php">
      <metrics loc="11" ncloc="10" classes="0" methods="0" coveredmethods="0" statements="0" coveredstatements="0" elements="0" coveredelements="0" conditionals="0" coveredconditionals="0"/>
    </file>
    <file name="/var/www/resource/vendor/composer/autoload_real.php">
      <metrics loc="70" ncloc="69" classes="1" methods="2" coveredmethods="0" statements="28" coveredstatements="0" elements="30" coveredelements="0" conditionals="0" coveredconditionals="0"/>
      <class name="ComposerAutoloaderInit7fbb31f211d7b56fb7a13c047da95913">
        <metrics methods="2" coveredmethods="0" statements="28" coveredstatements="0" conditionals="0" coveredconditionals="0" elements="30" coveredelements="0"/>
      </class>
      <line num="11" type="stmt" count="0"/>
      <line num="12" type="stmt" count="0"/>
      <line num="14" type="stmt" count="0"/>
      <line num="18" type="stmt" count="0"/>
      <line num="19" type="stmt" count="0"/>
      <line num="22" type="stmt" count="0"/>
      <line num="23" type="stmt" count="0"/>
      <line num="24" type="stmt" count="0"/>
      <line num="26" type="stmt" count="0"/>
      <line num="27" type="stmt" count="0"/>
      <line num="28" type="stmt" count="0"/>
      <line num="30" type="stmt" count="0"/>
      <line num="32" type="stmt" count="0"/>
      <line num="33" type="stmt" count="0"/>
      <line num="34" type="stmt" count="0"/>
      <line num="37" type="stmt" count="0"/>
      <line num="38" type="stmt" count="0"/>
      <line num="39" type="stmt" count="0"/>
      <line num="42" type="stmt" count="0"/>
      <line num="43" type="stmt" count="0"/>
      <line num="44" type="stmt" count="0"/>
      <line num="48" type="stmt" count="0"/>
      <line num="50" type="stmt" count="0"/>
      <line num="51" type="stmt" count="0"/>
      <line num="53" type="stmt" count="0"/>
      <line num="55" type="stmt" count="0"/>
      <line num="56" type="stmt" count="0"/>
      <line num="59" type="stmt" count="0"/>
    </file>
    <file name="/var/www/resource/vendor/composer/autoload_static.php">
      <metrics loc="419" ncloc="418" classes="1" methods="1" coveredmethods="0" statements="2" coveredstatements="0" elements="3" coveredelements="0" conditionals="0" coveredconditionals="0"/>
      <class namespace="Composer\Autoload" name="ComposerStaticInit7fbb31f211d7b56fb7a13c047da95913">
        <metrics methods="1" coveredmethods="0" statements="2" coveredstatements="0" conditionals="0" coveredconditionals="0" elements="3" coveredelements="0"/>
      </class>
      <line num="412" type="stmt" count="0"/>
      <line num="417" type="stmt" count="0"/>
    </file>
    <file name="/var/www/resource/vendor/composer/ClassLoader.php">
      <metrics loc="413" ncloc="274" classes="1" methods="19" coveredmethods="1" statements="119" coveredstatements="28" elements="138" coveredelements="29" conditionals="0" coveredconditionals="0"/>
      <class namespace="Composer\Autoload" name="ClassLoader">
        <metrics methods="19" coveredmethods="1" statements="119" coveredstatements="28" conditionals="0" coveredconditionals="0" elements="138" coveredelements="29"/>
      </class>
      <line num="61" type="stmt" count="0"/>
      <line num="62" type="stmt" count="0"/>
      <line num="65" type="stmt" count="0"/>
      <line num="70" type="stmt" count="0"/>
      <line num="75" type="stmt" count="0"/>
      <line num="80" type="stmt" count="0"/>
      <line num="85" type="stmt" count="0"/>
      <line num="93" type="stmt" count="0"/>
      <line num="94" type="stmt" count="0"/>
      <line num="96" type="stmt" count="0"/>
      <line num="98" type="stmt" count="0"/>
      <line num="110" type="stmt" count="0"/>
      <line num="111" type="stmt" count="0"/>
      <line num="112" type="stmt" count="0"/>
      <line num="113" type="stmt" count="0"/>
      <line num="114" type="stmt" count="0"/>
      <line num="117" type="stmt" count="0"/>
      <line num="118" type="stmt" count="0"/>
      <line num="119" type="stmt" count="0"/>
      <line num="123" type="stmt" count="0"/>
      <line num="126" type="stmt" count="0"/>
      <line num="127" type="stmt" count="0"/>
      <line num="128" type="stmt" count="0"/>
      <line num="130" type="stmt" count="0"/>
      <line num="132" type="stmt" count="0"/>
      <line num="133" type="stmt" count="0"/>
      <line num="134" type="stmt" count="0"/>
      <line num="135" type="stmt" count="0"/>
      <line num="138" type="stmt" count="0"/>
      <line num="139" type="stmt" count="0"/>
      <line num="140" type="stmt" count="0"/>
      <line num="143" type="stmt" count="0"/>
      <line num="157" type="stmt" count="0"/>
      <line num="159" type="stmt" count="0"/>
      <line num="160" type="stmt" count="0"/>
      <line num="161" type="stmt" count="0"/>
      <line num="162" type="stmt" count="0"/>
      <line num="165" type="stmt" count="0"/>
      <line num="166" type="stmt" count="0"/>
      <line num="167" type="stmt" count="0"/>
      <line num="170" type="stmt" count="0"/>
      <line num="172" type="stmt" count="0"/>
      <line num="173" type="stmt" count="0"/>
      <line num="174" type="stmt" count="0"/>
      <line num="176" type="stmt" count="0"/>
      <line num="177" type="stmt" count="0"/>
      <line num="178" type="stmt" count="0"/>
      <line num="180" type="stmt" count="0"/>
      <line num="181" type="stmt" count="0"/>
      <line num="182" type="stmt" count="0"/>
      <line num="186" type="stmt" count="0"/>
      <line num="187" type="stmt" count="0"/>
      <line num="188" type="stmt" count="0"/>
      <line num="191" type="stmt" count="0"/>
      <line num="202" type="stmt" count="0"/>
      <line num="203" type="stmt" count="0"/>
      <line num="205" type="stmt" count="0"/>
      <line num="207" type="stmt" count="0"/>
      <line num="220" type="stmt" count="0"/>
      <line num="221" type="stmt" count="0"/>
      <line num="223" type="stmt" count="0"/>
      <line num="224" type="stmt" count="0"/>
      <line num="225" type="stmt" count="0"/>
      <line num="227" type="stmt" count="0"/>
      <line num="228" type="stmt" count="0"/>
      <line num="230" type="stmt" count="0"/>
      <line num="239" type="stmt" count="0"/>
      <line num="240" type="stmt" count="0"/>
      <line num="250" type="stmt" count="0"/>
      <line num="261" type="stmt" count="0"/>
      <line num="262" type="stmt" count="0"/>
      <line num="271" type="stmt" count="0"/>
      <line num="281" type="stmt" count="0"/>
      <line num="282" type="stmt" count="0"/>
      <line num="289" type="stmt" count="0"/>
      <line num="290" type="stmt" count="0"/>
      <line num="318" type="stmt" count="0"/>
      <line num="326" type="stmt" count="0"/>
      <line num="333" type="stmt" count="0"/>
      <line num="364" type="stmt" count="0"/>
      <line num="365" type="stmt" count="0"/>
      <line num="372" type="stmt" count="0"/>
      <line num="373" type="stmt" count="0"/>
      <line num="380" type="stmt" count="0"/>
      <line num="381" type="stmt" count="0"/>
      <line num="382" type="stmt" count="0"/>
      <line num="383" type="stmt" count="0"/>
      <line num="384" type="stmt" count="0"/>
      <line num="393" type="stmt" count="0"/>
      <line num="394" type="stmt" count="0"/>
      <line num="400" type="stmt" count="0"/>
      <line num="305" type="stmt" count="1"/>
      <line num="338" type="stmt" count="1"/>
      <line num="363" type="stmt" count="1"/>
      <line num="370" type="stmt" count="1"/>
      <line num="376" type="stmt" count="1"/>
      <line num="379" type="stmt" count="1"/>
      <line num="392" type="stmt" count="1"/>
      <line num="399" type="stmt" count="1"/>
      <line num="402" type="stmt" count="1"/>
      <line num="300" type="stmt" count="1"/>
      <line num="301" type="stmt" count="1"/>
      <line num="303" type="stmt" count="1"/>
      <line num="317" type="stmt" count="1"/>
      <line num="322" type="stmt" count="1"/>
      <line num="323" type="stmt" count="1"/>
      <line num="325" type="stmt" count="1"/>
      <line num="329" type="stmt" count="1"/>
      <line num="332" type="stmt" count="1"/>
      <line num="336" type="stmt" count="1"/>
      <line num="341" type="stmt" count="1"/>
      <line num="347" type="stmt" count="1"/>
      <line num="349" type="stmt" count="1"/>
      <line num="350" type="stmt" count="1"/>
      <line num="351" type="stmt" count="1"/>
      <line num="352" type="stmt" count="1"/>
      <line num="353" type="stmt" count="1"/>
      <line num="354" type="stmt" count="1"/>
      <line num="355" type="stmt" count="1"/>
      <line num="412" type="stmt" count="1"/>
      <line num="413" type="stmt" count="1"/>
    </file>
    <file name="/var/www/resource/vendor/latte/latte/src/Latte/Compiler/Compiler.php">
      <metrics loc="799" ncloc="680" classes="1" methods="28" coveredmethods="0" statements="478" coveredstatements="0" elements="506" coveredelements="0" conditionals="0" coveredconditionals="0"/>
      <class namespace="Latte" name="Compiler">
        <metrics methods="28" coveredmethods="0" statements="478" coveredstatements="0" conditionals="0" coveredconditionals="0" elements="506" coveredelements="0"/>
      </class>
    </file>
    <file name="/var/www/resource/vendor/latte/latte/src/Latte/Compiler/HtmlNode.php">
      <metrics loc="59" ncloc="41" classes="1" methods="1" coveredmethods="0" statements="3" coveredstatements="0" elements="4" coveredelements="0" conditionals="0" coveredconditionals="0"/>
      <class namespace="Latte" name="HtmlNode">
        <metrics methods="1" coveredmethods="0" statements="3" coveredstatements="0" conditionals="0" coveredconditionals="0" elements="4" coveredelements="0"/>
      </class>
    </file>
    <file name="/var/www/resource/vendor/latte/latte/src/Latte/Compiler/MacroNode.php">
      <metrics loc="117" ncloc="88" classes="1" methods="3" coveredmethods="0" statements="14" coveredstatements="0" elements="17" coveredelements="0" conditionals="0" coveredconditionals="0"/>
      <class namespace="Latte" name="MacroNode">
        <metrics methods="3" coveredmethods="0" statements="14" coveredstatements="0" conditionals="0" coveredconditionals="0" elements="17" coveredelements="0"/>
      </class>
    </file>
    <file name="/var/www/resource/vendor/latte/latte/src/Latte/Compiler/MacroTokens.php">
      <metrics loc="138" ncloc="106" classes="1" methods="8" coveredmethods="0" statements="48" coveredstatements="0" elements="56" coveredelements="0" conditionals="0" coveredconditionals="0"/>
      <class namespace="Latte" name="MacroTokens">
        <metrics methods="8" coveredmethods="0" statements="48" coveredstatements="0" conditionals="0" coveredconditionals="0" elements="56" coveredelements="0"/>
      </class>
    </file>
    <file name="/var/www/resource/vendor/latte/latte/src/Latte/Compiler/Parser.php">
      <metrics loc="474" ncloc="380" classes="1" methods="18" coveredmethods="0" statements="245" coveredstatements="0" elements="263" coveredelements="0" conditionals="0" coveredconditionals="0"/>
      <class namespace="Latte" name="Parser">
        <metrics methods="18" coveredmethods="0" statements="245" coveredstatements="0" conditionals="0" coveredconditionals="0" elements="263" coveredelements="0"/>
      </class>
    </file>
    <file name="/var/www/resource/vendor/latte/latte/src/Latte/Compiler/PhpHelpers.php">
      <metrics loc="129" ncloc="111" classes="1" methods="2" coveredmethods="0" statements="97" coveredstatements="0" elements="99" coveredelements="0" conditionals="0" coveredconditionals="0"/>
      <class namespace="Latte" name="PhpHelpers">
        <metrics methods="2" coveredmethods="0" statements="97" coveredstatements="0" conditionals="0" coveredconditionals="0" elements="99" coveredelements="0"/>
      </class>
    </file>
    <file name="/var/www/resource/vendor/latte/latte/src/Latte/Compiler/PhpWriter.php">
      <metrics loc="527" ncloc="451" classes="1" methods="18" coveredmethods="0" statements="344" coveredstatements="0" elements="362" coveredelements="0" conditionals="0" coveredconditionals="0"/>
      <class namespace="Latte" name="PhpWriter">
        <metrics methods="18" coveredmethods="0" statements="344" coveredstatements="0" conditionals="0" coveredconditionals="0" elements="362" coveredelements="0"/>
      </class>
    </file>
    <file name="/var/www/resource/vendor/latte/latte/src/Latte/Compiler/Token.php">
      <metrics loc="50" ncloc="31" classes="1" methods="0" coveredmethods="0" statements="0" coveredstatements="0" elements="0" coveredelements="0" conditionals="0" coveredconditionals="0"/>
      <class namespace="Latte" name="Token">
        <metrics methods="0" coveredmethods="0" statements="0" coveredstatements="0" conditionals="0" coveredconditionals="0" elements="0" coveredelements="0"/>
      </class>
    </file>
    <file name="/var/www/resource/vendor/latte/latte/src/Latte/Compiler/TokenIterator.php">
      <metrics loc="249" ncloc="151" classes="1" methods="16" coveredmethods="0" statements="63" coveredstatements="0" elements="79" coveredelements="0" conditionals="0" coveredconditionals="0"/>
      <class namespace="Latte" name="TokenIterator">
        <metrics methods="16" coveredmethods="0" statements="63" coveredstatements="0" conditionals="0" coveredconditionals="0" elements="79" coveredelements="0"/>
      </class>
    </file>
    <file name="/var/www/resource/vendor/latte/latte/src/Latte/Compiler/Tokenizer.php">
      <metrics loc="88" ncloc="63" classes="1" methods="3" coveredmethods="0" statements="29" coveredstatements="0" elements="32" coveredelements="0" conditionals="0" coveredconditionals="0"/>
      <class namespace="Latte" name="Tokenizer">
        <metrics methods="3" coveredmethods="0" statements="29" coveredstatements="0" conditionals="0" coveredconditionals="0" elements="32" coveredelements="0"/>
      </class>
    </file>
    <file name="/var/www/resource/vendor/latte/latte/src/Latte/Engine.php">
      <metrics loc="384" ncloc="273" classes="1" methods="23" coveredmethods="0" statements="125" coveredstatements="0" elements="148" coveredelements="0" conditionals="0" coveredconditionals="0"/>
      <class namespace="Latte" name="Engine">
        <metrics methods="23" coveredmethods="0" statements="125" coveredstatements="0" conditionals="0" coveredconditionals="0" elements="148" coveredelements="0"/>
      </class>
    </file>
    <file name="/var/www/resource/vendor/latte/latte/src/Latte/exceptions.php">
      <metrics loc="67" ncloc="49" classes="3" methods="2" coveredmethods="0" statements="9" coveredstatements="0" elements="11" coveredelements="0" conditionals="0" coveredconditionals="0"/>
      <class namespace="Latte" name="CompileException">
        <metrics methods="1" coveredmethods="0" statements="7" coveredstatements="0" conditionals="0" coveredconditionals="0" elements="8" coveredelements="0"/>
      </class>
      <class namespace="Latte" name="RegexpException">
        <metrics methods="1" coveredmethods="0" statements="2" coveredstatements="0" conditionals="0" coveredconditionals="0" elements="3" coveredelements="0"/>
      </class>
      <class namespace="Latte" name="RuntimeException">
        <metrics methods="0" coveredmethods="0" statements="0" coveredstatements="0" conditionals="0" coveredconditionals="0" elements="0" coveredelements="0"/>
      </class>
      <line num="28" type="stmt" count="0"/>
      <line num="29" type="stmt" count="0"/>
      <line num="30" type="stmt" count="0"/>
      <line num="31" type="stmt" count="0"/>
      <line num="32" type="stmt" count="0"/>
      <line num="33" type="stmt" count="0"/>
      <line num="35" type="stmt" count="0"/>
      <line num="56" type="stmt" count="0"/>
      <line num="57" type="stmt" count="0"/>
    </file>
    <file name="/var/www/resource/vendor/latte/latte/src/Latte/Helpers.php">
      <metrics loc="75" ncloc="51" classes="1" methods="4" coveredmethods="0" statements="17" coveredstatements="0" elements="21" coveredelements="0" conditionals="0" coveredconditionals="0"/>
      <class namespace="Latte" name="Helpers">
        <metrics methods="4" coveredmethods="0" statements="17" coveredstatements="0" conditionals="0" coveredconditionals="0" elements="21" coveredelements="0"/>
      </class>
    </file>
    <file name="/var/www/resource/vendor/latte/latte/src/Latte/ILoader.php">
      <metrics loc="41" ncloc="18" classes="0" methods="0" coveredmethods="0" statements="0" coveredstatements="0" elements="0" coveredelements="0" conditionals="0" coveredconditionals="0"/>
    </file>
    <file name="/var/www/resource/vendor/latte/latte/src/Latte/IMacro.php">
      <metrics loc="46" ncloc="23" classes="0" methods="0" coveredmethods="0" statements="0" coveredstatements="0" elements="0" coveredelements="0" conditionals="0" coveredconditionals="0"/>
    </file>
    <file name="/var/www/resource/vendor/latte/latte/src/Latte/Loaders/FileLoader.php">
      <metrics loc="100" ncloc="73" classes="1" methods="6" coveredmethods="0" statements="29" coveredstatements="0" elements="35" coveredelements="0" conditionals="0" coveredconditionals="0"/>
      <class namespace="Latte\Loaders" name="FileLoader">
        <metrics methods="6" coveredmethods="0" statements="29" coveredstatements="0" conditionals="0" coveredconditionals="0" elements="35" coveredelements="0"/>
      </class>
    </file>
    <file name="/var/www/resource/vendor/latte/latte/src/Latte/Loaders/StringLoader.php">
      <metrics loc="74" ncloc="51" classes="1" methods="5" coveredmethods="0" statements="11" coveredstatements="0" elements="16" coveredelements="0" conditionals="0" coveredconditionals="0"/>
      <class namespace="Latte\Loaders" name="StringLoader">
        <metrics methods="5" coveredmethods="0" statements="11" coveredstatements="0" conditionals="0" coveredconditionals="0" elements="16" coveredelements="0"/>
      </class>
    </file>
    <file name="/var/www/resource/vendor/latte/latte/src/Latte/Macros/BlockMacros.php">
      <metrics loc="407" ncloc="349" classes="1" methods="11" coveredmethods="0" statements="277" coveredstatements="0" elements="288" coveredelements="0" conditionals="0" coveredconditionals="0"/>
      <class namespace="Latte\Macros" name="BlockMacros">
        <metrics methods="11" coveredmethods="0" statements="277" coveredstatements="0" conditionals="0" coveredconditionals="0" elements="288" coveredelements="0"/>
      </class>
    </file>
    <file name="/var/www/resource/vendor/latte/latte/src/Latte/Macros/CoreMacros.php">
      <metrics loc="549" ncloc="441" classes="1" methods="26" coveredmethods="0" statements="291" coveredstatements="0" elements="317" coveredelements="0" conditionals="0" coveredconditionals="0"/>
      <class namespace="Latte\Macros" name="CoreMacros">
        <metrics methods="26" coveredmethods="0" statements="291" coveredstatements="0" conditionals="0" coveredconditionals="0" elements="317" coveredelements="0"/>
      </class>
    </file>
    <file name="/var/www/resource/vendor/latte/latte/src/Latte/Macros/MacroSet.php">
      <metrics loc="167" ncloc="134" classes="1" methods="9" coveredmethods="0" statements="72" coveredstatements="0" elements="81" coveredelements="0" conditionals="0" coveredconditionals="0"/>
      <class namespace="Latte\Macros" name="MacroSet">
        <metrics methods="9" coveredmethods="0" statements="72" coveredstatements="0" conditionals="0" coveredconditionals="0" elements="81" coveredelements="0"/>
      </class>
    </file>
    <file name="/var/www/resource/vendor/latte/latte/src/Latte/Runtime/CachingIterator.php">
      <metrics loc="204" ncloc="131" classes="1" methods="13" coveredmethods="0" statements="39" coveredstatements="0" elements="52" coveredelements="0" conditionals="0" coveredconditionals="0"/>
      <class namespace="Latte\Runtime" name="CachingIterator">
        <metrics methods="13" coveredmethods="0" statements="39" coveredstatements="0" conditionals="0" coveredconditionals="0" elements="52" coveredelements="0"/>
      </class>
    </file>
    <file name="/var/www/resource/vendor/latte/latte/src/Latte/Runtime/FilterExecutor.php">
      <metrics loc="190" ncloc="154" classes="1" methods="5" coveredmethods="0" statements="89" coveredstatements="0" elements="94" coveredelements="0" conditionals="0" coveredconditionals="0"/>
      <class namespace="Latte\Runtime" name="FilterExecutor">
        <metrics methods="5" coveredmethods="0" statements="89" coveredstatements="0" conditionals="0" coveredconditionals="0" elements="94" coveredelements="0"/>
      </class>
    </file>
    <file name="/var/www/resource/vendor/latte/latte/src/Latte/Runtime/FilterInfo.php">
      <metrics loc="29" ncloc="21" classes="1" methods="1" coveredmethods="0" statements="1" coveredstatements="0" elements="2" coveredelements="0" conditionals="0" coveredconditionals="0"/>
      <class namespace="Latte\Runtime" name="FilterInfo">
        <metrics methods="1" coveredmethods="0" statements="1" coveredstatements="0" conditionals="0" coveredconditionals="0" elements="2" coveredelements="0"/>
      </class>
    </file>
    <file name="/var/www/resource/vendor/latte/latte/src/Latte/Runtime/Filters.php">
      <metrics loc="687" ncloc="457" classes="1" methods="38" coveredmethods="0" statements="265" coveredstatements="0" elements="303" coveredelements="0" conditionals="0" coveredconditionals="0"/>
      <class namespace="Latte\Runtime" name="Filters">
        <metrics methods="38" coveredmethods="0" statements="265" coveredstatements="0" conditionals="0" coveredconditionals="0" elements="303" coveredelements="0"/>
      </class>
    </file>
    <file name="/var/www/resource/vendor/latte/latte/src/Latte/Runtime/Html.php">
      <metrics loc="38" ncloc="27" classes="1" methods="2" coveredmethods="0" statements="2" coveredstatements="0" elements="4" coveredelements="0" conditionals="0" coveredconditionals="0"/>
      <class namespace="Latte\Runtime" name="Html">
        <metrics methods="2" coveredmethods="0" statements="2" coveredstatements="0" conditionals="0" coveredconditionals="0" elements="4" coveredelements="0"/>
      </class>
    </file>
    <file name="/var/www/resource/vendor/latte/latte/src/Latte/Runtime/IHtmlString.php">
      <metrics loc="19" ncloc="12" classes="0" methods="0" coveredmethods="0" statements="0" coveredstatements="0" elements="0" coveredelements="0" conditionals="0" coveredconditionals="0"/>
    </file>
    <file name="/var/www/resource/vendor/latte/latte/src/Latte/Runtime/ISnippetBridge.php">
      <metrics loc="65" ncloc="30" classes="0" methods="0" coveredmethods="0" statements="0" coveredstatements="0" elements="0" coveredelements="0" conditionals="0" coveredconditionals="0"/>
    </file>
    <file name="/var/www/resource/vendor/latte/latte/src/Latte/Runtime/SnippetDriver.php">
      <metrics loc="104" ncloc="91" classes="1" methods="5" coveredmethods="0" statements="42" coveredstatements="0" elements="47" coveredelements="0" conditionals="0" coveredconditionals="0"/>
      <class namespace="Latte\Runtime" name="SnippetDriver">
        <metrics methods="5" coveredmethods="0" statements="42" coveredstatements="0" conditionals="0" coveredconditionals="0" elements="47" coveredelements="0"/>
      </class>
    </file>
    <file name="/var/www/resource/vendor/latte/latte/src/Latte/Runtime/Template.php">
      <metrics loc="390" ncloc="292" classes="1" methods="22" coveredmethods="0" statements="135" coveredstatements="0" elements="157" coveredelements="0" conditionals="0" coveredconditionals="0"/>
      <class namespace="Latte\Runtime" name="Template">
        <metrics methods="22" coveredmethods="0" statements="135" coveredstatements="0" conditionals="0" coveredconditionals="0" elements="157" coveredelements="0"/>
      </class>
    </file>
    <file name="/var/www/resource/vendor/latte/latte/src/Latte/Strict.php">
      <metrics loc="90" ncloc="60" classes="1" methods="5" coveredmethods="0" statements="15" coveredstatements="0" elements="20" coveredelements="0" conditionals="0" coveredconditionals="0"/>
      <class namespace="Latte" name="Strict">
        <metrics methods="5" coveredmethods="0" statements="15" coveredstatements="0" conditionals="0" coveredconditionals="0" elements="20" coveredelements="0"/>
      </class>
    </file>
    <file name="/var/www/resource/vendor/latte/latte/src/latte.php">
      <metrics loc="42" ncloc="42" classes="0" methods="0" coveredmethods="0" statements="0" coveredstatements="0" elements="0" coveredelements="0" conditionals="0" coveredconditionals="0"/>
    </file>
    <file name="/var/www/resource/vendor/nette/application/src/Application/Application.php">
      <metrics loc="230" ncloc="177" classes="1" methods="9" coveredmethods="0" statements="87" coveredstatements="0" elements="96" coveredelements="0" conditionals="0" coveredconditionals="0"/>
      <class namespace="Nette\Application" name="Application">
        <metrics methods="9" coveredmethods="0" statements="87" coveredstatements="0" conditionals="0" coveredconditionals="0" elements="96" coveredelements="0"/>
      </class>
    </file>
    <file name="/var/www/resource/vendor/nette/application/src/Application/ErrorPresenter.php">
      <metrics loc="51" ncloc="40" classes="1" methods="2" coveredmethods="0" statements="13" coveredstatements="0" elements="15" coveredelements="0" conditionals="0" coveredconditionals="0"/>
      <class namespace="NetteModule" name="ErrorPresenter">
        <metrics methods="2" coveredmethods="0" statements="13" coveredstatements="0" conditionals="0" coveredconditionals="0" elements="15" coveredelements="0"/>
      </class>
    </file>
    <file name="/var/www/resource/vendor/nette/application/src/Application/exceptions.php">
      <metrics loc="61" ncloc="39" classes="5" methods="1" coveredmethods="0" statements="2" coveredstatements="0" elements="3" coveredelements="0" conditionals="0" coveredconditionals="0"/>
      <class namespace="Nette\Application" name="AbortException">
        <metrics methods="0" coveredmethods="0" statements="0" coveredstatements="0" conditionals="0" coveredconditionals="0" elements="0" coveredelements="0"/>
      </class>
      <class namespace="Nette\Application" name="ApplicationException">
        <metrics methods="0" coveredmethods="0" statements="0" coveredstatements="0" conditionals="0" coveredconditionals="0" elements="0" coveredelements="0"/>
      </class>
      <class namespace="Nette\Application" name="InvalidPresenterException">
        <metrics methods="0" coveredmethods="0" statements="0" coveredstatements="0" conditionals="0" coveredconditionals="0" elements="0" coveredelements="0"/>
      </class>
      <class namespace="Nette\Application" name="BadRequestException">
        <metrics methods="1" coveredmethods="0" statements="2" coveredstatements="0" conditionals="0" coveredconditionals="0" elements="3" coveredelements="0"/>
      </class>
      <class namespace="Nette\Application" name="ForbiddenRequestException">
        <metrics methods="0" coveredmethods="0" statements="0" coveredstatements="0" conditionals="0" coveredconditionals="0" elements="0" coveredelements="0"/>
      </class>
      <line num="47" type="stmt" count="0"/>
      <line num="48" type="stmt" count="0"/>
      <line num="15" type="stmt" count="1"/>
      <line num="23" type="stmt" count="1"/>
      <line num="31" type="stmt" count="1"/>
      <line num="39" type="stmt" count="1"/>
      <line num="56" type="stmt" count="1"/>
      <line num="61" type="stmt" count="1"/>
    </file>
    <file name="/var/www/resource/vendor/nette/application/src/Application/Helpers.php">
      <metrics loc="32" ncloc="21" classes="1" methods="1" coveredmethods="0" statements="4" coveredstatements="0" elements="5" coveredelements="0" conditionals="0" coveredconditionals="0"/>
      <class namespace="Nette\Application" name="Helpers">
        <metrics methods="1" coveredmethods="0" statements="4" coveredstatements="0" conditionals="0" coveredconditionals="0" elements="5" coveredelements="0"/>
      </class>
    </file>
    <file name="/var/www/resource/vendor/nette/application/src/Application/IPresenter.php">
      <metrics loc="22" ncloc="12" classes="0" methods="0" coveredmethods="0" statements="0" coveredstatements="0" elements="0" coveredelements="0" conditionals="0" coveredconditionals="0"/>
    </file>
    <file name="/var/www/resource/vendor/nette/application/src/Application/IPresenterFactory.php">
      <metrics loc="32" ncloc="14" classes="0" methods="0" coveredmethods="0" statements="0" coveredstatements="0" elements="0" coveredelements="0" conditionals="0" coveredconditionals="0"/>
      <line num="14" type="stmt" count="1"/>
      <line num="32" type="stmt" count="1"/>
    </file>
    <file name="/var/www/resource/vendor/nette/application/src/Application/IResponse.php">
      <metrics loc="25" ncloc="14" classes="0" methods="0" coveredmethods="0" statements="0" coveredstatements="0" elements="0" coveredelements="0" conditionals="0" coveredconditionals="0"/>
    </file>
    <file name="/var/www/resource/vendor/nette/application/src/Application/IRouter.php">
      <metrics loc="36" ncloc="19" classes="0" methods="0" coveredmethods="0" statements="0" coveredstatements="0" elements="0" coveredelements="0" conditionals="0" coveredconditionals="0"/>
    </file>
    <file name="/var/www/resource/vendor/nette/application/src/Application/LinkGenerator.php">
      <metrics loc="88" ncloc="72" classes="1" methods="2" coveredmethods="0" statements="43" coveredstatements="0" elements="45" coveredelements="0" conditionals="0" coveredconditionals="0"/>
      <class namespace="Nette\Application" name="LinkGenerator">
        <metrics methods="2" coveredmethods="0" statements="43" coveredstatements="0" conditionals="0" coveredconditionals="0" elements="45" coveredelements="0"/>
      </class>
    </file>
    <file name="/var/www/resource/vendor/nette/application/src/Application/MicroPresenter.php">
      <metrics loc="166" ncloc="127" classes="1" methods="7" coveredmethods="0" statements="67" coveredstatements="0" elements="74" coveredelements="0" conditionals="0" coveredconditionals="0"/>
      <class namespace="NetteModule" name="MicroPresenter">
        <metrics methods="7" coveredmethods="0" statements="67" coveredstatements="0" conditionals="0" coveredconditionals="0" elements="74" coveredelements="0"/>
      </class>
    </file>
    <file name="/var/www/resource/vendor/nette/application/src/Application/PresenterFactory.php">
      <metrics loc="153" ncloc="113" classes="1" methods="6" coveredmethods="1" statements="43" coveredstatements="13" elements="49" coveredelements="14" conditionals="0" coveredconditionals="0"/>
      <class namespace="Nette\Application" name="PresenterFactory">
        <metrics methods="6" coveredmethods="1" statements="43" coveredstatements="13" conditionals="0" coveredconditionals="0" elements="49" coveredelements="14"/>
      </class>
      <line num="49" type="stmt" count="0"/>
      <line num="62" type="stmt" count="0"/>
      <line num="66" type="stmt" count="0"/>
      <line num="74" type="stmt" count="0"/>
      <line num="75" type="stmt" count="0"/>
      <line num="77" type="stmt" count="0"/>
      <line num="78" type="stmt" count="0"/>
      <line num="79" type="stmt" count="0"/>
      <line num="80" type="stmt" count="0"/>
      <line num="83" type="stmt" count="0"/>
      <line num="85" type="stmt" count="0"/>
      <line num="86" type="stmt" count="0"/>
      <line num="87" type="stmt" count="0"/>
      <line num="90" type="stmt" count="0"/>
      <line num="100" type="stmt" count="0"/>
      <line num="101" type="stmt" count="0"/>
      <line num="102" type="stmt" count="0"/>
      <line num="103" type="stmt" count="0"/>
      <line num="105" type="stmt" count="0"/>
      <line num="106" type="stmt" count="0"/>
      <line num="107" type="stmt" count="0"/>
      <line num="109" type="stmt" count="0"/>
      <line num="112" type="stmt" count="0"/>
      <line num="126" type="stmt" count="0"/>
      <line num="144" type="stmt" count="0"/>
      <line num="145" type="stmt" count="0"/>
      <line num="146" type="stmt" count="0"/>
      <line num="147" type="stmt" count="0"/>
      <line num="148" type="stmt" count="0"/>
      <line num="151" type="stmt" count="0"/>
      <line num="16" type="stmt" count="1"/>
      <line num="18" type="stmt" count="1"/>
      <line num="38" type="stmt" count="1"/>
      <line num="39" type="stmt" count="1"/>
      <line num="61" type="stmt" count="1"/>
      <line num="65" type="stmt" count="1"/>
      <line num="69" type="stmt" count="1"/>
      <line num="70" type="stmt" count="1"/>
      <line num="71" type="stmt" count="1"/>
      <line num="124" type="stmt" count="1"/>
      <line num="125" type="stmt" count="1"/>
      <line num="127" type="stmt" count="1"/>
      <line num="129" type="stmt" count="1"/>
      <line num="130" type="stmt" count="1"/>
      <line num="132" type="stmt" count="1"/>
      <line num="153" type="stmt" count="1"/>
    </file>
    <file name="/var/www/resource/vendor/nette/application/src/Application/Request.php">
      <metrics loc="235" ncloc="140" classes="1" methods="15" coveredmethods="2" statements="31" coveredstatements="8" elements="46" coveredelements="10" conditionals="0" coveredconditionals="0"/>
      <class namespace="Nette\Application" name="Request">
        <metrics methods="15" coveredmethods="2" statements="31" coveredstatements="8" conditionals="0" coveredconditionals="0" elements="46" coveredelements="10"/>
      </class>
      <line num="80" type="stmt" count="0"/>
      <line num="81" type="stmt" count="0"/>
      <line num="101" type="stmt" count="0"/>
      <line num="102" type="stmt" count="0"/>
      <line num="112" type="stmt" count="0"/>
      <line num="123" type="stmt" count="0"/>
      <line num="133" type="stmt" count="0"/>
      <line num="134" type="stmt" count="0"/>
      <line num="146" type="stmt" count="0"/>
      <line num="147" type="stmt" count="0"/>
      <line num="149" type="stmt" count="0"/>
      <line num="150" type="stmt" count="0"/>
      <line num="153" type="stmt" count="0"/>
      <line num="164" type="stmt" count="0"/>
      <line num="165" type="stmt" count="0"/>
      <line num="175" type="stmt" count="0"/>
      <line num="186" type="stmt" count="0"/>
      <line num="187" type="stmt" count="0"/>
      <line num="197" type="stmt" count="0"/>
      <line num="208" type="stmt" count="0"/>
      <line num="220" type="stmt" count="0"/>
      <line num="221" type="stmt" count="0"/>
      <line num="232" type="stmt" count="0"/>
      <line num="22" type="stmt" count="1"/>
      <line num="24" type="stmt" count="1"/>
      <line num="64" type="stmt" count="1"/>
      <line num="65" type="stmt" count="1"/>
      <line num="66" type="stmt" count="1"/>
      <line num="67" type="stmt" count="1"/>
      <line num="68" type="stmt" count="1"/>
      <line num="69" type="stmt" count="1"/>
      <line num="70" type="stmt" count="1"/>
      <line num="91" type="stmt" count="1"/>
      <line num="235" type="stmt" count="1"/>
    </file>
    <file name="/var/www/resource/vendor/nette/application/src/Application/Responses/CallbackResponse.php">
      <metrics loc="42" ncloc="27" classes="1" methods="2" coveredmethods="0" statements="2" coveredstatements="0" elements="4" coveredelements="0" conditionals="0" coveredconditionals="0"/>
      <class namespace="Nette\Application\Responses" name="CallbackResponse">
        <metrics methods="2" coveredmethods="0" statements="2" coveredstatements="0" conditionals="0" coveredconditionals="0" elements="4" coveredelements="0"/>
      </class>
    </file>
    <file name="/var/www/resource/vendor/nette/application/src/Application/Responses/FileResponse.php">
      <metrics loc="133" ncloc="99" classes="1" methods="5" coveredmethods="0" statements="52" coveredstatements="0" elements="57" coveredelements="0" conditionals="0" coveredconditionals="0"/>
      <class namespace="Nette\Application\Responses" name="FileResponse">
        <metrics methods="5" coveredmethods="0" statements="52" coveredstatements="0" conditionals="0" coveredconditionals="0" elements="57" coveredelements="0"/>
      </class>
    </file>
    <file name="/var/www/resource/vendor/nette/application/src/Application/Responses/ForwardResponse.php">
      <metrics loc="47" ncloc="32" classes="1" methods="3" coveredmethods="0" statements="3" coveredstatements="0" elements="6" coveredelements="0" conditionals="0" coveredconditionals="0"/>
      <class namespace="Nette\Application\Responses" name="ForwardResponse">
        <metrics methods="3" coveredmethods="0" statements="3" coveredstatements="0" conditionals="0" coveredconditionals="0" elements="6" coveredelements="0"/>
      </class>
    </file>
    <file name="/var/www/resource/vendor/nette/application/src/Application/Responses/JsonResponse.php">
      <metrics loc="70" ncloc="46" classes="1" methods="4" coveredmethods="0" statements="9" coveredstatements="0" elements="13" coveredelements="0" conditionals="0" coveredconditionals="0"/>
      <class namespace="Nette\Application\Responses" name="JsonResponse">
        <metrics methods="4" coveredmethods="0" statements="9" coveredstatements="0" conditionals="0" coveredconditionals="0" elements="13" coveredelements="0"/>
      </class>
    </file>
    <file name="/var/www/resource/vendor/nette/application/src/Application/Responses/RedirectResponse.php">
      <metrics loc="66" ncloc="43" classes="1" methods="4" coveredmethods="0" statements="5" coveredstatements="0" elements="9" coveredelements="0" conditionals="0" coveredconditionals="0"/>
      <class namespace="Nette\Application\Responses" name="RedirectResponse">
        <metrics methods="4" coveredmethods="0" statements="5" coveredstatements="0" conditionals="0" coveredconditionals="0" elements="9" coveredelements="0"/>
      </class>
    </file>
    <file name="/var/www/resource/vendor/nette/application/src/Application/Responses/TextResponse.php">
      <metrics loc="56" ncloc="38" classes="1" methods="3" coveredmethods="0" statements="8" coveredstatements="0" elements="11" coveredelements="0" conditionals="0" coveredconditionals="0"/>
      <class namespace="Nette\Application\Responses" name="TextResponse">
        <metrics methods="3" coveredmethods="0" statements="8" coveredstatements="0" conditionals="0" coveredconditionals="0" elements="11" coveredelements="0"/>
      </class>
    </file>
    <file name="/var/www/resource/vendor/nette/application/src/Application/Routers/CliRouter.php">
      <metrics loc="115" ncloc="92" classes="1" methods="4" coveredmethods="0" statements="54" coveredstatements="0" elements="58" coveredelements="0" conditionals="0" coveredconditionals="0"/>
      <class namespace="Nette\Application\Routers" name="CliRouter">
        <metrics methods="4" coveredmethods="0" statements="54" coveredstatements="0" conditionals="0" coveredconditionals="0" elements="58" coveredelements="0"/>
      </class>
    </file>
    <file name="/var/www/resource/vendor/nette/application/src/Application/Routers/Route.php">
      <metrics loc="791" ncloc="645" classes="1" methods="14" coveredmethods="0" statements="537" coveredstatements="0" elements="551" coveredelements="0" conditionals="0" coveredconditionals="0"/>
      <class namespace="Nette\Application\Routers" name="Route">
        <metrics methods="14" coveredmethods="0" statements="537" coveredstatements="0" conditionals="0" coveredconditionals="0" elements="551" coveredelements="0"/>
      </class>
    </file>
    <file name="/var/www/resource/vendor/nette/application/src/Application/Routers/RouteList.php">
      <metrics loc="131" ncloc="105" classes="1" methods="6" coveredmethods="0" statements="60" coveredstatements="0" elements="66" coveredelements="0" conditionals="0" coveredconditionals="0"/>
      <class namespace="Nette\Application\Routers" name="RouteList">
        <metrics methods="6" coveredmethods="0" statements="60" coveredstatements="0" conditionals="0" coveredconditionals="0" elements="66" coveredelements="0"/>
      </class>
    </file>
    <file name="/var/www/resource/vendor/nette/application/src/Application/Routers/SimpleRouter.php">
      <metrics loc="150" ncloc="115" classes="1" methods="5" coveredmethods="0" statements="72" coveredstatements="0" elements="77" coveredelements="0" conditionals="0" coveredconditionals="0"/>
      <class namespace="Nette\Application\Routers" name="SimpleRouter">
        <metrics methods="5" coveredmethods="0" statements="72" coveredstatements="0" conditionals="0" coveredconditionals="0" elements="77" coveredelements="0"/>
      </class>
    </file>
    <file name="/var/www/resource/vendor/nette/application/src/Application/templates/error.phtml">
      <metrics loc="38" ncloc="34" classes="0" methods="0" coveredmethods="0" statements="0" coveredstatements="0" elements="0" coveredelements="0" conditionals="0" coveredconditionals="0"/>
    </file>
    <file name="/var/www/resource/vendor/nette/application/src/Application/UI/BadSignalException.php">
      <metrics loc="21" ncloc="13" classes="1" methods="0" coveredmethods="0" statements="0" coveredstatements="0" elements="0" coveredelements="0" conditionals="0" coveredconditionals="0"/>
      <class namespace="Nette\Application\UI" name="BadSignalException">
        <metrics methods="0" coveredmethods="0" statements="0" coveredstatements="0" conditionals="0" coveredconditionals="0" elements="0" coveredelements="0"/>
      </class>
    </file>
    <file name="/var/www/resource/vendor/nette/application/src/Application/UI/Component.php">
      <metrics loc="429" ncloc="267" classes="1" methods="24" coveredmethods="0" statements="128" coveredstatements="0" elements="152" coveredelements="0" conditionals="0" coveredconditionals="0"/>
      <class namespace="Nette\Application\UI" name="Component">
        <metrics methods="24" coveredmethods="0" statements="128" coveredstatements="0" conditionals="0" coveredconditionals="0" elements="152" coveredelements="0"/>
      </class>
    </file>
    <file name="/var/www/resource/vendor/nette/application/src/Application/UI/ComponentReflection.php">
      <metrics loc="304" ncloc="247" classes="1" methods="14" coveredmethods="0" statements="157" coveredstatements="0" elements="171" coveredelements="0" conditionals="0" coveredconditionals="0"/>
      <class namespace="Nette\Application\UI" name="ComponentReflection">
        <metrics methods="14" coveredmethods="0" statements="157" coveredstatements="0" conditionals="0" coveredconditionals="0" elements="171" coveredelements="0"/>
      </class>
    </file>
    <file name="/var/www/resource/vendor/nette/application/src/Application/UI/Control.php">
      <metrics loc="184" ncloc="134" classes="1" methods="9" coveredmethods="0" statements="64" coveredstatements="0" elements="73" coveredelements="0" conditionals="0" coveredconditionals="0"/>
      <class namespace="Nette\Application\UI" name="Control">
        <metrics methods="9" coveredmethods="0" statements="64" coveredstatements="0" conditionals="0" coveredconditionals="0" elements="73" coveredelements="0"/>
      </class>
    </file>
    <file name="/var/www/resource/vendor/nette/application/src/Application/UI/Form.php">
      <metrics loc="150" ncloc="111" classes="1" methods="8" coveredmethods="0" statements="57" coveredstatements="0" elements="65" coveredelements="0" conditionals="0" coveredconditionals="0"/>
      <class namespace="Nette\Application\UI" name="Form">
        <metrics methods="8" coveredmethods="0" statements="57" coveredstatements="0" conditionals="0" coveredconditionals="0" elements="65" coveredelements="0"/>
      </class>
    </file>
    <file name="/var/www/resource/vendor/nette/application/src/Application/UI/InvalidLinkException.php">
      <metrics loc="16" ncloc="9" classes="1" methods="0" coveredmethods="0" statements="0" coveredstatements="0" elements="0" coveredelements="0" conditionals="0" coveredconditionals="0"/>
      <class namespace="Nette\Application\UI" name="InvalidLinkException">
        <metrics methods="0" coveredmethods="0" statements="0" coveredstatements="0" conditionals="0" coveredconditionals="0" elements="0" coveredelements="0"/>
      </class>
    </file>
    <file name="/var/www/resource/vendor/nette/application/src/Application/UI/IRenderable.php">
      <metrics loc="29" ncloc="14" classes="0" methods="0" coveredmethods="0" statements="0" coveredstatements="0" elements="0" coveredelements="0" conditionals="0" coveredconditionals="0"/>
    </file>
    <file name="/var/www/resource/vendor/nette/application/src/Application/UI/ISignalReceiver.php">
      <metrics loc="23" ncloc="11" classes="0" methods="0" coveredmethods="0" statements="0" coveredstatements="0" elements="0" coveredelements="0" conditionals="0" coveredconditionals="0"/>
    </file>
    <file name="/var/www/resource/vendor/nette/application/src/Application/UI/IStatePersistent.php">
      <metrics loc="29" ncloc="14" classes="0" methods="0" coveredmethods="0" statements="0" coveredstatements="0" elements="0" coveredelements="0" conditionals="0" coveredconditionals="0"/>
    </file>
    <file name="/var/www/resource/vendor/nette/application/src/Application/UI/ITemplate.php">
      <metrics loc="35" ncloc="16" classes="0" methods="0" coveredmethods="0" statements="0" coveredstatements="0" elements="0" coveredelements="0" conditionals="0" coveredconditionals="0"/>
    </file>
    <file name="/var/www/resource/vendor/nette/application/src/Application/UI/ITemplateFactory.php">
      <metrics loc="22" ncloc="12" classes="0" methods="0" coveredmethods="0" statements="0" coveredstatements="0" elements="0" coveredelements="0" conditionals="0" coveredconditionals="0"/>
    </file>
    <file name="/var/www/resource/vendor/nette/application/src/Application/UI/Link.php">
      <metrics loc="106" ncloc="69" classes="1" methods="6" coveredmethods="0" statements="20" coveredstatements="0" elements="26" coveredelements="0" conditionals="0" coveredconditionals="0"/>
      <class namespace="Nette\Application\UI" name="Link">
        <metrics methods="6" coveredmethods="0" statements="20" coveredstatements="0" conditionals="0" coveredconditionals="0" elements="26" coveredelements="0"/>
      </class>
    </file>
    <file name="/var/www/resource/vendor/nette/application/src/Application/UI/MethodReflection.php">
      <metrics loc="64" ncloc="47" classes="1" methods="5" coveredmethods="0" statements="9" coveredstatements="0" elements="14" coveredelements="0" conditionals="0" coveredconditionals="0"/>
      <class namespace="Nette\Application\UI" name="MethodReflection">
        <metrics methods="5" coveredmethods="0" statements="9" coveredstatements="0" conditionals="0" coveredconditionals="0" elements="14" coveredelements="0"/>
      </class>
    </file>
    <file name="/var/www/resource/vendor/nette/application/src/Application/UI/Multiplier.php">
      <metrics loc="34" ncloc="26" classes="1" methods="2" coveredmethods="0" statements="3" coveredstatements="0" elements="5" coveredelements="0" conditionals="0" coveredconditionals="0"/>
      <class namespace="Nette\Application\UI" name="Multiplier">
        <metrics methods="2" coveredmethods="0" statements="3" coveredstatements="0" conditionals="0" coveredconditionals="0" elements="5" coveredelements="0"/>
      </class>
    </file>
    <file name="/var/www/resource/vendor/nette/application/src/Application/UI/Presenter.php">
      <metrics loc="1423" ncloc="1050" classes="1" methods="59" coveredmethods="0" statements="696" coveredstatements="0" elements="755" coveredelements="0" conditionals="0" coveredconditionals="0"/>
      <class namespace="Nette\Application\UI" name="Presenter">
        <metrics methods="59" coveredmethods="0" statements="696" coveredstatements="0" conditionals="0" coveredconditionals="0" elements="755" coveredelements="0"/>
      </class>
    </file>
    <file name="/var/www/resource/vendor/nette/application/src/Bridges/ApplicationDI/ApplicationExtension.php">
      <metrics loc="162" ncloc="151" classes="1" methods="4" coveredmethods="0" statements="100" coveredstatements="0" elements="104" coveredelements="0" conditionals="0" coveredconditionals="0"/>
      <class namespace="Nette\Bridges\ApplicationDI" name="ApplicationExtension">
        <metrics methods="4" coveredmethods="0" statements="100" coveredstatements="0" conditionals="0" coveredconditionals="0" elements="104" coveredelements="0"/>
      </class>
    </file>
    <file name="/var/www/resource/vendor/nette/application/src/Bridges/ApplicationDI/LatteExtension.php">
      <metrics loc="84" ncloc="71" classes="1" methods="3" coveredmethods="0" statements="35" coveredstatements="0" elements="38" coveredelements="0" conditionals="0" coveredconditionals="0"/>
      <class namespace="Nette\Bridges\ApplicationDI" name="LatteExtension">
        <metrics methods="3" coveredmethods="0" statements="35" coveredstatements="0" conditionals="0" coveredconditionals="0" elements="38" coveredelements="0"/>
      </class>
    </file>
    <file name="/var/www/resource/vendor/nette/application/src/Bridges/ApplicationDI/PresenterFactoryCallback.php">
      <metrics loc="62" ncloc="48" classes="1" methods="2" coveredmethods="0" statements="21" coveredstatements="0" elements="23" coveredelements="0" conditionals="0" coveredconditionals="0"/>
      <class namespace="Nette\Bridges\ApplicationDI" name="PresenterFactoryCallback">
        <metrics methods="2" coveredmethods="0" statements="21" coveredstatements="0" conditionals="0" coveredconditionals="0" elements="23" coveredelements="0"/>
      </class>
    </file>
    <file name="/var/www/resource/vendor/nette/application/src/Bridges/ApplicationDI/RoutingExtension.php">
      <metrics loc="86" ncloc="77" classes="1" methods="4" coveredmethods="0" statements="38" coveredstatements="0" elements="42" coveredelements="0" conditionals="0" coveredconditionals="0"/>
      <class namespace="Nette\Bridges\ApplicationDI" name="RoutingExtension">
        <metrics methods="4" coveredmethods="0" statements="38" coveredstatements="0" conditionals="0" coveredconditionals="0" elements="42" coveredelements="0"/>
      </class>
    </file>
    <file name="/var/www/resource/vendor/nette/application/src/Bridges/ApplicationLatte/ILatteFactory.php">
      <metrics loc="21" ncloc="14" classes="0" methods="0" coveredmethods="0" statements="0" coveredstatements="0" elements="0" coveredelements="0" conditionals="0" coveredconditionals="0"/>
    </file>
    <file name="/var/www/resource/vendor/nette/application/src/Bridges/ApplicationLatte/Loader.php">
      <metrics loc="28" ncloc="20" classes="1" methods="1" coveredmethods="0" statements="1" coveredstatements="0" elements="2" coveredelements="0" conditionals="0" coveredconditionals="0"/>
      <class namespace="Nette\Bridges\ApplicationLatte" name="Loader">
        <metrics methods="1" coveredmethods="0" statements="1" coveredstatements="0" conditionals="0" coveredconditionals="0" elements="2" coveredelements="0"/>
      </class>
    </file>
    <file name="/var/www/resource/vendor/nette/application/src/Bridges/ApplicationLatte/SnippetBridge.php">
      <metrics loc="95" ncloc="86" classes="1" methods="8" coveredmethods="0" statements="26" coveredstatements="0" elements="34" coveredelements="0" conditionals="0" coveredconditionals="0"/>
      <class namespace="Nette\Bridges\ApplicationLatte" name="SnippetBridge">
        <metrics methods="8" coveredmethods="0" statements="26" coveredstatements="0" conditionals="0" coveredconditionals="0" elements="34" coveredelements="0"/>
      </class>
    </file>
    <file name="/var/www/resource/vendor/nette/application/src/Bridges/ApplicationLatte/Template.php">
      <metrics loc="230" ncloc="151" classes="1" methods="16" coveredmethods="0" statements="37" coveredstatements="0" elements="53" coveredelements="0" conditionals="0" coveredconditionals="0"/>
      <class namespace="Nette\Bridges\ApplicationLatte" name="Template">
        <metrics methods="16" coveredmethods="0" statements="37" coveredstatements="0" conditionals="0" coveredconditionals="0" elements="53" coveredelements="0"/>
      </class>
    </file>
    <file name="/var/www/resource/vendor/nette/application/src/Bridges/ApplicationLatte/TemplateFactory.php">
      <metrics loc="115" ncloc="97" classes="1" methods="2" coveredmethods="0" statements="68" coveredstatements="0" elements="70" coveredelements="0" conditionals="0" coveredconditionals="0"/>
      <class namespace="Nette\Bridges\ApplicationLatte" name="TemplateFactory">
        <metrics methods="2" coveredmethods="0" statements="68" coveredstatements="0" conditionals="0" coveredconditionals="0" elements="70" coveredelements="0"/>
      </class>
    </file>
    <file name="/var/www/resource/vendor/nette/application/src/Bridges/ApplicationLatte/UIMacros.php">
      <metrics loc="157" ncloc="119" classes="1" methods="8" coveredmethods="0" statements="61" coveredstatements="0" elements="69" coveredelements="0" conditionals="0" coveredconditionals="0"/>
      <class namespace="Nette\Bridges\ApplicationLatte" name="UIMacros">
        <metrics methods="8" coveredmethods="0" statements="61" coveredstatements="0" conditionals="0" coveredconditionals="0" elements="69" coveredelements="0"/>
      </class>
    </file>
    <file name="/var/www/resource/vendor/nette/application/src/Bridges/ApplicationLatte/UIRuntime.php">
      <metrics loc="47" ncloc="35" classes="1" methods="1" coveredmethods="0" statements="18" coveredstatements="0" elements="19" coveredelements="0" conditionals="0" coveredconditionals="0"/>
      <class namespace="Nette\Bridges\ApplicationLatte" name="UIRuntime">
        <metrics methods="1" coveredmethods="0" statements="18" coveredstatements="0" conditionals="0" coveredconditionals="0" elements="19" coveredelements="0"/>
      </class>
    </file>
    <file name="/var/www/resource/vendor/nette/application/src/Bridges/ApplicationTracy/RoutingPanel.php">
      <metrics loc="159" ncloc="133" classes="1" methods="6" coveredmethods="0" statements="74" coveredstatements="0" elements="80" coveredelements="0" conditionals="0" coveredconditionals="0"/>
      <class namespace="Nette\Bridges\ApplicationTracy" name="RoutingPanel">
        <metrics methods="6" coveredmethods="0" statements="74" coveredstatements="0" conditionals="0" coveredconditionals="0" elements="80" coveredelements="0"/>
      </class>
    </file>
    <file name="/var/www/resource/vendor/nette/application/src/Bridges/ApplicationTracy/templates/RoutingPanel.panel.phtml">
      <metrics loc="93" ncloc="93" classes="0" methods="0" coveredmethods="0" statements="0" coveredstatements="0" elements="0" coveredelements="0" conditionals="0" coveredconditionals="0"/>
    </file>
    <file name="/var/www/resource/vendor/nette/application/src/Bridges/ApplicationTracy/templates/RoutingPanel.tab.phtml">
      <metrics loc="14" ncloc="14" classes="0" methods="0" coveredmethods="0" statements="0" coveredstatements="0" elements="0" coveredelements="0" conditionals="0" coveredconditionals="0"/>
    </file>
    <file name="/var/www/resource/vendor/nette/application/src/compatibility.php">
      <metrics loc="9" ncloc="5" classes="0" methods="0" coveredmethods="0" statements="0" coveredstatements="0" elements="0" coveredelements="0" conditionals="0" coveredconditionals="0"/>
    </file>
    <file name="/var/www/resource/vendor/nette/bootstrap/src/Bootstrap/Configurator.php">
      <metrics loc="364" ncloc="282" classes="1" methods="18" coveredmethods="0" statements="142" coveredstatements="0" elements="160" coveredelements="0" conditionals="0" coveredconditionals="0"/>
      <class namespace="Nette" name="Configurator">
        <metrics methods="18" coveredmethods="0" statements="142" coveredstatements="0" conditionals="0" coveredconditionals="0" elements="160" coveredelements="0"/>
      </class>
    </file>
    <file name="/var/www/resource/vendor/nette/bootstrap/src/Bridges/Framework/TracyBridge.php">
      <metrics loc="68" ncloc="60" classes="1" methods="1" coveredmethods="0" statements="39" coveredstatements="0" elements="40" coveredelements="0" conditionals="0" coveredconditionals="0"/>
      <class namespace="Nette\Bridges\Framework" name="TracyBridge">
        <metrics methods="1" coveredmethods="0" statements="39" coveredstatements="0" conditionals="0" coveredconditionals="0" elements="40" coveredelements="0"/>
      </class>
    </file>
    <file name="/var/www/resource/vendor/nette/caching/src/Bridges/CacheDI/CacheExtension.php">
      <metrics loc="74" ncloc="61" classes="1" methods="4" coveredmethods="0" statements="33" coveredstatements="0" elements="37" coveredelements="0" conditionals="0" coveredconditionals="0"/>
      <class namespace="Nette\Bridges\CacheDI" name="CacheExtension">
        <metrics methods="4" coveredmethods="0" statements="33" coveredstatements="0" conditionals="0" coveredconditionals="0" elements="37" coveredelements="0"/>
      </class>
    </file>
    <file name="/var/www/resource/vendor/nette/caching/src/Bridges/CacheLatte/CacheMacro.php">
      <metrics loc="130" ncloc="92" classes="1" methods="6" coveredmethods="0" statements="45" coveredstatements="0" elements="51" coveredelements="0" conditionals="0" coveredconditionals="0"/>
      <class namespace="Nette\Bridges\CacheLatte" name="CacheMacro">
        <metrics methods="6" coveredmethods="0" statements="45" coveredstatements="0" conditionals="0" coveredconditionals="0" elements="51" coveredelements="0"/>
      </class>
    </file>
    <file name="/var/www/resource/vendor/nette/caching/src/Caching/Cache.php">
      <metrics loc="363" ncloc="251" classes="1" methods="17" coveredmethods="0" statements="139" coveredstatements="0" elements="156" coveredelements="0" conditionals="0" coveredconditionals="0"/>
      <class namespace="Nette\Caching" name="Cache">
        <metrics methods="17" coveredmethods="0" statements="139" coveredstatements="0" conditionals="0" coveredconditionals="0" elements="156" coveredelements="0"/>
      </class>
    </file>
    <file name="/var/www/resource/vendor/nette/caching/src/Caching/IBulkReader.php">
      <metrics loc="24" ncloc="12" classes="0" methods="0" coveredmethods="0" statements="0" coveredstatements="0" elements="0" coveredelements="0" conditionals="0" coveredconditionals="0"/>
    </file>
    <file name="/var/www/resource/vendor/nette/caching/src/Caching/IStorage.php">
      <metrics loc="54" ncloc="20" classes="0" methods="0" coveredmethods="0" statements="0" coveredstatements="0" elements="0" coveredelements="0" conditionals="0" coveredconditionals="0"/>
    </file>
    <file name="/var/www/resource/vendor/nette/caching/src/Caching/OutputHelper.php">
      <metrics loc="52" ncloc="37" classes="1" methods="2" coveredmethods="0" statements="8" coveredstatements="0" elements="10" coveredelements="0" conditionals="0" coveredconditionals="0"/>
      <class namespace="Nette\Caching" name="OutputHelper">
        <metrics methods="2" coveredmethods="0" statements="8" coveredstatements="0" conditionals="0" coveredconditionals="0" elements="10" coveredelements="0"/>
      </class>
    </file>
    <file name="/var/www/resource/vendor/nette/caching/src/Caching/Storages/DevNullStorage.php">
      <metrics loc="71" ncloc="37" classes="1" methods="5" coveredmethods="0" statements="5" coveredstatements="0" elements="10" coveredelements="0" conditionals="0" coveredconditionals="0"/>
      <class namespace="Nette\Caching\Storages" name="DevNullStorage">
        <metrics methods="5" coveredmethods="0" statements="5" coveredstatements="0" conditionals="0" coveredconditionals="0" elements="10" coveredelements="0"/>
      </class>
    </file>
    <file name="/var/www/resource/vendor/nette/caching/src/Caching/Storages/FileStorage.php">
      <metrics loc="404" ncloc="300" classes="1" methods="11" coveredmethods="0" statements="230" coveredstatements="0" elements="241" coveredelements="0" conditionals="0" coveredconditionals="0"/>
      <class namespace="Nette\Caching\Storages" name="FileStorage">
        <metrics methods="11" coveredmethods="0" statements="230" coveredstatements="0" conditionals="0" coveredconditionals="0" elements="241" coveredelements="0"/>
      </class>
    </file>
    <file name="/var/www/resource/vendor/nette/caching/src/Caching/Storages/IJournal.php">
      <metrics loc="33" ncloc="15" classes="0" methods="0" coveredmethods="0" statements="0" coveredstatements="0" elements="0" coveredelements="0" conditionals="0" coveredconditionals="0"/>
    </file>
    <file name="/var/www/resource/vendor/nette/caching/src/Caching/Storages/MemcachedStorage.php">
      <metrics loc="192" ncloc="139" classes="1" methods="9" coveredmethods="0" statements="79" coveredstatements="0" elements="88" coveredelements="0" conditionals="0" coveredconditionals="0"/>
      <class namespace="Nette\Caching\Storages" name="MemcachedStorage">
        <metrics methods="9" coveredmethods="0" statements="79" coveredstatements="0" conditionals="0" coveredconditionals="0" elements="88" coveredelements="0"/>
      </class>
    </file>
    <file name="/var/www/resource/vendor/nette/caching/src/Caching/Storages/MemoryStorage.php">
      <metrics loc="81" ncloc="46" classes="1" methods="5" coveredmethods="0" statements="7" coveredstatements="0" elements="12" coveredelements="0" conditionals="0" coveredconditionals="0"/>
      <class namespace="Nette\Caching\Storages" name="MemoryStorage">
        <metrics methods="5" coveredmethods="0" statements="7" coveredstatements="0" conditionals="0" coveredconditionals="0" elements="12" coveredelements="0"/>
      </class>
    </file>
    <file name="/var/www/resource/vendor/nette/caching/src/Caching/Storages/NewMemcachedStorage.php">
      <metrics loc="225" ncloc="167" classes="1" methods="10" coveredmethods="0" statements="102" coveredstatements="0" elements="112" coveredelements="0" conditionals="0" coveredconditionals="0"/>
      <class namespace="Nette\Caching\Storages" name="NewMemcachedStorage">
        <metrics methods="10" coveredmethods="0" statements="102" coveredstatements="0" conditionals="0" coveredconditionals="0" elements="112" coveredelements="0"/>
      </class>
    </file>
    <file name="/var/www/resource/vendor/nette/caching/src/Caching/Storages/SQLiteJournal.php">
[...]
      <line num="96" type="stmt" count="0"/>
      <line num="97" type="stmt" count="0"/>
      <line num="98" type="stmt" count="0"/>
      <line num="99" type="stmt" count="0"/>
      <line num="100" type="stmt" count="0"/>
      <line num="101" type="stmt" count="0"/>
      <line num="102" type="stmt" count="0"/>
      <line num="103" type="stmt" count="0"/>
      <line num="104" type="stmt" count="0"/>
      <line num="105" type="stmt" count="0"/>
      <line num="106" type="stmt" count="0"/>
      <line num="113" type="stmt" count="0"/>
      <line num="115" type="stmt" count="0"/>
      <line num="116" type="stmt" count="0"/>
      <line num="124" type="stmt" count="0"/>
      <line num="125" type="stmt" count="0"/>
      <line num="126" type="stmt" count="0"/>
      <line num="128" type="stmt" count="0"/>
      <line num="129" type="stmt" count="0"/>
      <line num="130" type="stmt" count="0"/>
      <line num="132" type="stmt" count="0"/>
      <line num="133" type="stmt" count="0"/>
      <line num="134" type="stmt" count="0"/>
      <line num="135" type="stmt" count="0"/>
      <line num="137" type="stmt" count="0"/>
      <line num="138" type="stmt" count="0"/>
      <line num="140" type="stmt" count="0"/>
      <line num="141" type="stmt" count="0"/>
      <line num="142" type="stmt" count="0"/>
      <line num="143" type="stmt" count="0"/>
      <line num="146" type="stmt" count="0"/>
      <line num="159" type="stmt" count="0"/>
      <line num="160" type="stmt" count="0"/>
      <line num="161" type="stmt" count="0"/>
      <line num="162" type="stmt" count="0"/>
      <line num="163" type="stmt" count="0"/>
      <line num="165" type="stmt" count="0"/>
      <line num="167" type="stmt" count="0"/>
      <line num="179" type="stmt" count="0"/>
      <line num="180" type="stmt" count="0"/>
      <line num="181" type="stmt" count="0"/>
      <line num="182" type="stmt" count="0"/>
      <line num="183" type="stmt" count="0"/>
      <line num="184" type="stmt" count="0"/>
      <line num="187" type="stmt" count="0"/>
      <line num="188" type="stmt" count="0"/>
      <line num="189" type="stmt" count="0"/>
      <line num="190" type="stmt" count="0"/>
      <line num="191" type="stmt" count="0"/>
      <line num="193" type="stmt" count="0"/>
      <line num="194" type="stmt" count="0"/>
      <line num="200" type="stmt" count="0"/>
      <line num="203" type="stmt" count="0"/>
      <line num="204" type="stmt" count="0"/>
      <line num="215" type="stmt" count="0"/>
      <line num="216" type="stmt" count="0"/>
      <line num="217" type="stmt" count="0"/>
      <line num="218" type="stmt" count="0"/>
      <line num="219" type="stmt" count="0"/>
      <line num="220" type="stmt" count="0"/>
      <line num="221" type="stmt" count="0"/>
      <line num="222" type="stmt" count="0"/>
      <line num="223" type="stmt" count="0"/>
      <line num="225" type="stmt" count="0"/>
      <line num="229" type="stmt" count="0"/>
      <line num="230" type="stmt" count="0"/>
      <line num="231" type="stmt" count="0"/>
      <line num="233" type="stmt" count="0"/>
      <line num="234" type="stmt" count="0"/>
      <line num="235" type="stmt" count="0"/>
      <line num="236" type="stmt" count="0"/>
      <line num="237" type="stmt" count="0"/>
      <line num="238" type="stmt" count="0"/>
      <line num="239" type="stmt" count="0"/>
      <line num="242" type="stmt" count="0"/>
      <line num="245" type="stmt" count="0"/>
      <line num="248" type="stmt" count="0"/>
      <line num="249" type="stmt" count="0"/>
      <line num="260" type="stmt" count="0"/>
      <line num="261" type="stmt" count="0"/>
      <line num="262" type="stmt" count="0"/>
      <line num="263" type="stmt" count="0"/>
      <line num="264" type="stmt" count="0"/>
      <line num="267" type="stmt" count="0"/>
    </file>
    <file name="/var/www/resource/vendor/tracy/tracy/src/Tracy/Debugger.php">
      <metrics loc="631" ncloc="497" classes="1" methods="19" coveredmethods="0" statements="324" coveredstatements="0" elements="343" coveredelements="0" conditionals="0" coveredconditionals="0"/>
      <class namespace="Tracy" name="Debugger">
        <metrics methods="19" coveredmethods="0" statements="324" coveredstatements="0" conditionals="0" coveredconditionals="0" elements="343" coveredelements="0"/>
      </class>
    </file>
    <file name="/var/www/resource/vendor/tracy/tracy/src/Tracy/DefaultBarPanel.php">
      <metrics loc="55" ncloc="39" classes="1" methods="3" coveredmethods="0" statements="11" coveredstatements="0" elements="14" coveredelements="0" conditionals="0" coveredconditionals="0"/>
      <class namespace="Tracy" name="DefaultBarPanel">
        <metrics methods="3" coveredmethods="0" statements="11" coveredstatements="0" conditionals="0" coveredconditionals="0" elements="14" coveredelements="0"/>
      </class>
    </file>
    <file name="/var/www/resource/vendor/tracy/tracy/src/Tracy/Dumper.php">
      <metrics loc="569" ncloc="492" classes="1" methods="23" coveredmethods="0" statements="247" coveredstatements="0" elements="270" coveredelements="0" conditionals="0" coveredconditionals="0"/>
      <class namespace="Tracy" name="Dumper">
        <metrics methods="23" coveredmethods="0" statements="247" coveredstatements="0" conditionals="0" coveredconditionals="0" elements="270" coveredelements="0"/>
      </class>
      <line num="74" type="stmt" count="0"/>
      <line num="75" type="stmt" count="0"/>
      <line num="76" type="stmt" count="0"/>
      <line num="77" type="stmt" count="0"/>
      <line num="79" type="stmt" count="0"/>
      <line num="81" type="stmt" count="0"/>
      <line num="91" type="stmt" count="0"/>
      <line num="92" type="stmt" count="0"/>
      <line num="93" type="stmt" count="0"/>
      <line num="94" type="stmt" count="0"/>
      <line num="95" type="stmt" count="0"/>
      <line num="96" type="stmt" count="0"/>
      <line num="98" type="stmt" count="0"/>
      <line num="99" type="stmt" count="0"/>
      <line num="101" type="stmt" count="0"/>
      <line num="102" type="stmt" count="0"/>
      <line num="104" type="stmt" count="0"/>
      <line num="106" type="stmt" count="0"/>
      <line num="107" type="stmt" count="0"/>
      <line num="108" type="stmt" count="0"/>
      <line num="109" type="stmt" count="0"/>
      <line num="110" type="stmt" count="0"/>
      <line num="112" type="stmt" count="0"/>
      <line num="113" type="stmt" count="0"/>
      <line num="114" type="stmt" count="0"/>
      <line num="115" type="stmt" count="0"/>
      <line num="116" type="stmt" count="0"/>
      <line num="117" type="stmt" count="0"/>
      <line num="127" type="stmt" count="0"/>
      <line num="137" type="stmt" count="0"/>
      <line num="139" type="stmt" count="0"/>
      <line num="152" type="stmt" count="0"/>
      <line num="153" type="stmt" count="0"/>
      <line num="155" type="stmt" count="0"/>
      <line num="162" type="stmt" count="0"/>
      <line num="168" type="stmt" count="0"/>
      <line num="174" type="stmt" count="0"/>
      <line num="180" type="stmt" count="0"/>
      <line num="181" type="stmt" count="0"/>
      <line num="182" type="stmt" count="0"/>
      <line num="183" type="stmt" count="0"/>
      <line num="190" type="stmt" count="0"/>
      <line num="191" type="stmt" count="0"/>
      <line num="197" type="stmt" count="0"/>
      <line num="198" type="stmt" count="0"/>
      <line num="199" type="stmt" count="0"/>
      <line num="202" type="stmt" count="0"/>
      <line num="204" type="stmt" count="0"/>
      <line num="205" type="stmt" count="0"/>
      <line num="207" type="stmt" count="0"/>
      <line num="208" type="stmt" count="0"/>
      <line num="210" type="stmt" count="0"/>
      <line num="211" type="stmt" count="0"/>
      <line num="212" type="stmt" count="0"/>
      <line num="213" type="stmt" count="0"/>
      <line num="214" type="stmt" count="0"/>
      <line num="215" type="stmt" count="0"/>
      <line num="216" type="stmt" count="0"/>
      <line num="217" type="stmt" count="0"/>
      <line num="218" type="stmt" count="0"/>
      <line num="219" type="stmt" count="0"/>
      <line num="220" type="stmt" count="0"/>
      <line num="221" type="stmt" count="0"/>
      <line num="224" type="stmt" count="0"/>
      <line num="225" type="stmt" count="0"/>
      <line num="228" type="stmt" count="0"/>
      <line num="235" type="stmt" count="0"/>
      <line num="236" type="stmt" count="0"/>
      <line num="237" type="stmt" count="0"/>
      <line num="238" type="stmt" count="0"/>
      <line num="239" type="stmt" count="0"/>
      <line num="242" type="stmt" count="0"/>
      <line num="243" type="stmt" count="0"/>
      <line num="244" type="stmt" count="0"/>
      <line num="245" type="stmt" count="0"/>
      <line num="247" type="stmt" count="0"/>
      <line num="249" type="stmt" count="0"/>
      <line num="250" type="stmt" count="0"/>
      <line num="252" type="stmt" count="0"/>
      <line num="253" type="stmt" count="0"/>
      <line num="255" type="stmt" count="0"/>
      <line num="256" type="stmt" count="0"/>
      <line num="257" type="stmt" count="0"/>
      <line num="258" type="stmt" count="0"/>
      <line num="259" type="stmt" count="0"/>
      <line num="260" type="stmt" count="0"/>
      <line num="261" type="stmt" count="0"/>
      <line num="262" type="stmt" count="0"/>
      <line num="263" type="stmt" count="0"/>
      <line num="264" type="stmt" count="0"/>
      <line num="265" type="stmt" count="0"/>
      <line num="267" type="stmt" count="0"/>
      <line num="268" type="stmt" count="0"/>
      <line num="269" type="stmt" count="0"/>
      <line num="270" type="stmt" count="0"/>
      <line num="272" type="stmt" count="0"/>
      <line num="273" type="stmt" count="0"/>
      <line num="276" type="stmt" count="0"/>
      <line num="283" type="stmt" count="0"/>
      <line num="284" type="stmt" count="0"/>
      <line num="285" type="stmt" count="0"/>
      <line num="286" type="stmt" count="0"/>
      <line num="287" type="stmt" count="0"/>
      <line num="288" type="stmt" count="0"/>
      <line num="289" type="stmt" count="0"/>
      <line num="290" type="stmt" count="0"/>
      <line num="292" type="stmt" count="0"/>
      <line num="294" type="stmt" count="0"/>
      <line num="303" type="stmt" count="0"/>
      <line num="304" type="stmt" count="0"/>
      <line num="306" type="stmt" count="0"/>
      <line num="307" type="stmt" count="0"/>
      <line num="308" type="stmt" count="0"/>
      <line num="309" type="stmt" count="0"/>
      <line num="311" type="stmt" count="0"/>
      <line num="312" type="stmt" count="0"/>
      <line num="314" type="stmt" count="0"/>
      <line num="315" type="stmt" count="0"/>
      <line num="316" type="stmt" count="0"/>
      <line num="317" type="stmt" count="0"/>
      <line num="319" type="stmt" count="0"/>
      <line num="320" type="stmt" count="0"/>
      <line num="322" type="stmt" count="0"/>
      <line num="323" type="stmt" count="0"/>
      <line num="324" type="stmt" count="0"/>
      <line num="325" type="stmt" count="0"/>
      <line num="326" type="stmt" count="0"/>
      <line num="327" type="stmt" count="0"/>
      <line num="330" type="stmt" count="0"/>
      <line num="331" type="stmt" count="0"/>
      <line num="333" type="stmt" count="0"/>
      <line num="334" type="stmt" count="0"/>
      <line num="335" type="stmt" count="0"/>
      <line num="336" type="stmt" count="0"/>
      <line num="339" type="stmt" count="0"/>
      <line num="340" type="stmt" count="0"/>
      <line num="341" type="stmt" count="0"/>
      <line num="343" type="stmt" count="0"/>
      <line num="344" type="stmt" count="0"/>
      <line num="345" type="stmt" count="0"/>
      <line num="346" type="stmt" count="0"/>
      <line num="347" type="stmt" count="0"/>
      <line num="348" type="stmt" count="0"/>
      <line num="349" type="stmt" count="0"/>
      <line num="352" type="stmt" count="0"/>
      <line num="353" type="stmt" count="0"/>
      <line num="354" type="stmt" count="0"/>
      <line num="356" type="stmt" count="0"/>
      <line num="357" type="stmt" count="0"/>
      <line num="358" type="stmt" count="0"/>
      <line num="359" type="stmt" count="0"/>
      <line num="360" type="stmt" count="0"/>
      <line num="362" type="stmt" count="0"/>
      <line num="363" type="stmt" count="0"/>
      <line num="366" type="stmt" count="0"/>
      <line num="368" type="stmt" count="0"/>
      <line num="369" type="stmt" count="0"/>
      <line num="370" type="stmt" count="0"/>
      <line num="371" type="stmt" count="0"/>
      <line num="372" type="stmt" count="0"/>
      <line num="373" type="stmt" count="0"/>
      <line num="374" type="stmt" count="0"/>
      <line num="375" type="stmt" count="0"/>
      <line num="379" type="stmt" count="0"/>
      <line num="382" type="stmt" count="0"/>
      <line num="390" type="stmt" count="0"/>
      <line num="391" type="stmt" count="0"/>
      <line num="392" type="stmt" count="0"/>
      <line num="393" type="stmt" count="0"/>
      <line num="394" type="stmt" count="0"/>
      <line num="396" type="stmt" count="0"/>
      <line num="397" type="stmt" count="0"/>
      <line num="407" type="stmt" count="0"/>
      <line num="408" type="stmt" count="0"/>
      <line num="409" type="stmt" count="0"/>
      <line num="410" type="stmt" count="0"/>
      <line num="412" type="stmt" count="0"/>
      <line num="413" type="stmt" count="0"/>
      <line num="414" type="stmt" count="0"/>
      <line num="415" type="stmt" count="0"/>
      <line num="418" type="stmt" count="0"/>
      <line num="419" type="stmt" count="0"/>
      <line num="420" type="stmt" count="0"/>
      <line num="422" type="stmt" count="0"/>
      <line num="424" type="stmt" count="0"/>
      <line num="425" type="stmt" count="0"/>
      <line num="426" type="stmt" count="0"/>
      <line num="427" type="stmt" count="0"/>
      <line num="429" type="stmt" count="0"/>
      <line num="431" type="stmt" count="0"/>
      <line num="432" type="stmt" count="0"/>
      <line num="433" type="stmt" count="0"/>
      <line num="434" type="stmt" count="0"/>
      <line num="436" type="stmt" count="0"/>
      <line num="440" type="stmt" count="0"/>
      <line num="449" type="stmt" count="0"/>
      <line num="450" type="stmt" count="0"/>
      <line num="451" type="stmt" count="0"/>
      <line num="454" type="stmt" count="0"/>
      <line num="463" type="stmt" count="0"/>
      <line num="464" type="stmt" count="0"/>
      <line num="465" type="stmt" count="0"/>
      <line num="466" type="stmt" count="0"/>
      <line num="469" type="stmt" count="0"/>
      <line num="470" type="stmt" count="0"/>
      <line num="471" type="stmt" count="0"/>
      <line num="472" type="stmt" count="0"/>
      <line num="482" type="stmt" count="0"/>
      <line num="491" type="stmt" count="0"/>
      <line num="492" type="stmt" count="0"/>
      <line num="493" type="stmt" count="0"/>
      <line num="495" type="stmt" count="0"/>
      <line num="504" type="stmt" count="0"/>
      <line num="505" type="stmt" count="0"/>
      <line num="506" type="stmt" count="0"/>
      <line num="507" type="stmt" count="0"/>
      <line num="508" type="stmt" count="0"/>
      <line num="509" type="stmt" count="0"/>
      <line num="510" type="stmt" count="0"/>
      <line num="511" type="stmt" count="0"/>
      <line num="513" type="stmt" count="0"/>
      <line num="516" type="stmt" count="0"/>
      <line num="526" type="stmt" count="0"/>
      <line num="527" type="stmt" count="0"/>
      <line num="528" type="stmt" count="0"/>
      <line num="529" type="stmt" count="0"/>
      <line num="530" type="stmt" count="0"/>
      <line num="532" type="stmt" count="0"/>
      <line num="533" type="stmt" count="0"/>
      <line num="534" type="stmt" count="0"/>
      <line num="535" type="stmt" count="0"/>
      <line num="536" type="stmt" count="0"/>
      <line num="537" type="stmt" count="0"/>
      <line num="539" type="stmt" count="0"/>
      <line num="542" type="stmt" count="0"/>
      <line num="545" type="stmt" count="0"/>
      <line num="546" type="stmt" count="0"/>
      <line num="547" type="stmt" count="0"/>
      <line num="549" type="stmt" count="0"/>
      <line num="550" type="stmt" count="0"/>
      <line num="551" type="stmt" count="0"/>
      <line num="554" type="stmt" count="0"/>
      <line num="562" type="stmt" count="0"/>
      <line num="563" type="stmt" count="0"/>
      <line num="564" type="stmt" count="0"/>
      <line num="565" type="stmt" count="0"/>
      <line num="566" type="stmt" count="0"/>
    </file>
    <file name="/var/www/resource/vendor/tracy/tracy/src/Tracy/FireLogger.php">
      <metrics loc="178" ncloc="155" classes="1" methods="2" coveredmethods="0" statements="128" coveredstatements="0" elements="130" coveredelements="0" conditionals="0" coveredconditionals="0"/>
      <class namespace="Tracy" name="FireLogger">
        <metrics methods="2" coveredmethods="0" statements="128" coveredstatements="0" conditionals="0" coveredconditionals="0" elements="130" coveredelements="0"/>
      </class>
    </file>
    <file name="/var/www/resource/vendor/tracy/tracy/src/Tracy/Helpers.php">
      <metrics loc="241" ncloc="210" classes="1" methods="14" coveredmethods="0" statements="132" coveredstatements="0" elements="146" coveredelements="0" conditionals="0" coveredconditionals="0"/>
      <class namespace="Tracy" name="Helpers">
        <metrics methods="14" coveredmethods="0" statements="132" coveredstatements="0" conditionals="0" coveredconditionals="0" elements="146" coveredelements="0"/>
      </class>
    </file>
    <file name="/var/www/resource/vendor/tracy/tracy/src/Tracy/IBarPanel.php">
      <metrics loc="29" ncloc="14" classes="0" methods="0" coveredmethods="0" statements="0" coveredstatements="0" elements="0" coveredelements="0" conditionals="0" coveredconditionals="0"/>
    </file>
    <file name="/var/www/resource/vendor/tracy/tracy/src/Tracy/ILogger.php">
      <metrics loc="26" ncloc="19" classes="0" methods="0" coveredmethods="0" statements="0" coveredstatements="0" elements="0" coveredelements="0" conditionals="0" coveredconditionals="0"/>
    </file>
    <file name="/var/www/resource/vendor/tracy/tracy/src/Tracy/Logger.php">
      <metrics loc="197" ncloc="144" classes="1" methods="8" coveredmethods="0" statements="89" coveredstatements="0" elements="97" coveredelements="0" conditionals="0" coveredconditionals="0"/>
      <class namespace="Tracy" name="Logger">
        <metrics methods="8" coveredmethods="0" statements="89" coveredstatements="0" conditionals="0" coveredconditionals="0" elements="97" coveredelements="0"/>
      </class>
    </file>
    <file name="/var/www/resource/vendor/tracy/tracy/src/Tracy/OutputDebugger.php">
      <metrics loc="79" ncloc="70" classes="1" methods="4" coveredmethods="0" statements="37" coveredstatements="0" elements="41" coveredelements="0" conditionals="0" coveredconditionals="0"/>
      <class namespace="Tracy" name="OutputDebugger">
        <metrics methods="4" coveredmethods="0" statements="37" coveredstatements="0" conditionals="0" coveredconditionals="0" elements="41" coveredelements="0"/>
      </class>
    </file>
    <file name="/var/www/resource/vendor/tracy/tracy/src/tracy.php">
      <metrics loc="20" ncloc="15" classes="0" methods="0" coveredmethods="0" statements="0" coveredstatements="0" elements="0" coveredelements="0" conditionals="0" coveredconditionals="0"/>
    </file>
    <file name="/var/www/resource/vendor/tracy/tracy/tools/create-phar/create-phar.php">
      <metrics loc="78" ncloc="73" classes="0" methods="0" coveredmethods="0" statements="0" coveredstatements="0" elements="0" coveredelements="0" conditionals="0" coveredconditionals="0"/>
    </file>
  </project>
</coverage>
